<?xml version="1.0" encoding="UTF-8"?>
<testsuite name="org.universAAL.samples.lighting.client.test.LightingIT" time="16.209" tests="3" errors="3" skipped="0" failures="0">
  <properties>
[...]
</properties>
  <testcase name="testComposite" classname="org.universAAL.samples.lighting.client.test.LightingIT" time="16.209">
    <error message="Unresolved constraint in bundle com.sun.jersey.bundle [76]: Unable to resolve 76.0: missing requirement [76.0] osgi.wiring.package; (&amp;(osgi.wiring.package=com.sun.grizzly.http)(version&gt;=1.9.0)(!(version&gt;=2.0.0)))" type="org.osgi.framework.BundleException"><![CDATA[org.osgi.framework.BundleException: Unresolved constraint in bundle com.sun.jersey.bundle [76]: Unable to resolve 76.0: missing requirement [76.0] osgi.wiring.package; (&(osgi.wiring.package=com.sun.grizzly.http)(version>=1.9.0)(!(version>=2.0.0)))
	at org.apache.felix.framework.Felix.resolveBundleRevision(Felix.java:3974)
	at org.apache.felix.framework.Felix.startBundle(Felix.java:2037)
	at org.apache.felix.framework.BundleImpl.start(BundleImpl.java:955)
	at org.apache.felix.framework.BundleImpl.start(BundleImpl.java:942)
	at org.springframework.osgi.test.AbstractOsgiTests.startBundle(AbstractOsgiTests.java:341)
	at org.springframework.osgi.test.AbstractOsgiTests.startup(AbstractOsgiTests.java:258)
	at org.springframework.osgi.test.AbstractOsgiTests.prepareTestExecution(AbstractOsgiTests.java:374)
	at org.springframework.osgi.test.AbstractOsgiTests.runBare(AbstractOsgiTests.java:203)
	at org.springframework.osgi.test.AbstractOsgiTests$1.protect(AbstractOsgiTests.java:184)
	at junit.framework.TestResult.runProtected(TestResult.java:124)
	at org.springframework.osgi.test.AbstractOsgiTests.run(AbstractOsgiTests.java:181)
	at junit.framework.TestSuite.runTest(TestSuite.java:230)
	at junit.framework.TestSuite.run(TestSuite.java:225)
	at org.junit.internal.runners.JUnit38ClassRunner.run(JUnit38ClassRunner.java:84)
	at org.apache.maven.surefire.junit4.JUnit4Provider.execute(JUnit4Provider.java:264)
	at org.apache.maven.surefire.junit4.JUnit4Provider.executeTestSet(JUnit4Provider.java:153)
	at org.apache.maven.surefire.junit4.JUnit4Provider.invoke(JUnit4Provider.java:124)
	at org.apache.maven.surefire.booter.ForkedBooter.invokeProviderInSameClassLoader(ForkedBooter.java:200)
	at org.apache.maven.surefire.booter.ForkedBooter.runSuitesInProcess(ForkedBooter.java:153)
	at org.apache.maven.surefire.booter.ForkedBooter.main(ForkedBooter.java:103)
]]></error>
    <system-out><![CDATA[0    297 [main] INFO  org.universAAL.samples.lighting.client.test.LightingIT  - org.universAAL.itests.platform.FelixPlatform4_2@2302e984 [4.2.1] started
6    119 [main] INFO  org.springframework.osgi.test.provisioning.internal.LocalFileSystemMavenRepository  - Local Maven2 repository used: [C:\Users\konstadinidou\.m2\repository]
Extracting: META-INF/
Extracting: META-INF/MANIFEST.MF
Extracting: rundir/
Extracting: rundir/confadmin/
Extracting: rundir/confadmin/mw.bus.model/
Extracting: rundir/confadmin/mw.bus.model.osgi/
Extracting: rundir/confadmin/mw.managers.aalspace.osgi/
Extracting: rundir/confadmin/services/
Extracting: rundir/confadmin/mw.bus.model/sodapop.key
Extracting: rundir/confadmin/mw.bus.model.osgi/sodapop.key
Extracting: rundir/confadmin/mw.connectors.communication.jgroups.core.properties
Extracting: rundir/confadmin/mw.connectors.discovery.slp.core.properties
Extracting: rundir/confadmin/mw.managers.aalspace.core.properties
Extracting: rundir/confadmin/mw.managers.aalspace.osgi/aalspace.xsd
Extracting: rundir/confadmin/mw.managers.aalspace.osgi/Home.space
Extracting: rundir/confadmin/mw.managers.deploy.core.properties
Extracting: rundir/confadmin/mw.modules.aalspace.core.properties
Extracting: rundir/confadmin/services/mw.connectors.communication.jgroups.core.properties
Extracting: rundir/confadmin/services/mw.connectors.discovery.slp.core.properties
Extracting: rundir/confadmin/services/mw.managers.aalspace.core.properties
Extracting: rundir/confadmin/services/mw.managers.deploy.core.properties
Extracting: rundir/confadmin/services/mw.modules.aalspace.core.properties
Extracting: rundir/confadmin/services/org.ops4j.pax.logging.properties
Extracting: rundir/confadmin/services/org.universAAL.mw.data.representation.properties
Extracting: META-INF/maven/
Extracting: META-INF/maven/org.universAAL.support/
Extracting: META-INF/maven/org.universAAL.support/itests-rundir/
Extracting: META-INF/maven/org.universAAL.support/itests-rundir/pom.xml
Extracting: META-INF/maven/org.universAAL.support/itests-rundir/pom.properties
95   86 [main] INFO  org.ops4j.pax.scanner.internal.ProvisionServiceImpl  - Scan bundles from [scan-composite:file:target/artifact-test.composite]
101  86 [main] INFO  org.ops4j.pax.scanner.internal.ProvisionServiceImpl  - Scan bundles from [scan-bundle:mvn:org.universAAL.middleware/mw.container.xfaces.osgi/3.4.1-SNAPSHOT]
103  86 [main] INFO  org.ops4j.pax.scanner.internal.ProvisionServiceImpl  - Scan bundles from [scan-bundle:mvn:log4j/log4j/1.2.17]
103  86 [main] INFO  org.ops4j.pax.scanner.internal.ProvisionServiceImpl  - Scan bundles from [scan-bundle:wrap:mvn:org.universAAL.middleware/mw.container.junit/3.4.1-SNAPSHOT]
103  86 [main] INFO  org.ops4j.pax.scanner.internal.ProvisionServiceImpl  - Scan bundles from [scan-bundle:mvn:org.universAAL.middleware/mw.schemas/3.4.1-SNAPSHOT]
104  86 [main] INFO  org.ops4j.pax.scanner.internal.ProvisionServiceImpl  - Scan bundles from [scan-bundle:wrap:mvn:org.osgi/org.osgi.compendium/4.1.0]
104  86 [main] INFO  org.ops4j.pax.scanner.internal.ProvisionServiceImpl  - Scan bundles from [scan-bundle:wrap:mvn:org.osgi/org.osgi.core/4.1.0]
104  86 [main] INFO  org.ops4j.pax.scanner.internal.ProvisionServiceImpl  - Scan bundles from [scan-bundle:mvn:org.apache.felix/org.apache.felix.log/1.0.1]
105  86 [main] INFO  org.ops4j.pax.scanner.internal.ProvisionServiceImpl  - Scan bundles from [scan-bundle:mvn:org.apache.felix/org.apache.felix.configadmin/1.2.4]
105  86 [main] INFO  org.ops4j.pax.scanner.internal.ProvisionServiceImpl  - Scan bundles from [scan-bundle:mvn:org.apache.felix/org.apache.felix.fileinstall/3.1.10]
105  86 [main] INFO  org.ops4j.pax.scanner.internal.ProvisionServiceImpl  - Scan bundles from [scan-bundle:mvn:org.ops4j.pax.confman/pax-confman-propsloader/0.2.2]
106  86 [main] INFO  org.ops4j.pax.scanner.internal.ProvisionServiceImpl  - Scan bundles from [scan-bundle:mvn:org.apache.felix/org.osgi.core/1.0.1]
106  86 [main] INFO  org.ops4j.pax.scanner.internal.ProvisionServiceImpl  - Scan bundles from [scan-bundle:mvn:org.apache.felix/org.osgi.service.obr/1.0.2]
106  86 [main] INFO  org.ops4j.pax.scanner.internal.ProvisionServiceImpl  - Scan bundles from [scan-bundle:mvn:org.apache.felix/org.apache.felix.shell/1.4.1]
107  86 [main] INFO  org.ops4j.pax.scanner.internal.ProvisionServiceImpl  - Scan bundles from [scan-bundle:wrap:mvn:xmlpull/xmlpull/1.1.3.1]
107  86 [main] INFO  org.ops4j.pax.scanner.internal.ProvisionServiceImpl  - Scan bundles from [scan-bundle:wrap:mvn:net.sf.kxml/kxml2/2.2.2]
107  86 [main] INFO  org.ops4j.pax.scanner.internal.ProvisionServiceImpl  - Scan bundles from [scan-bundle:mvn:org.apache.felix/org.apache.felix.bundlerepository/1.4.2]
107  86 [main] INFO  org.ops4j.pax.scanner.internal.ProvisionServiceImpl  - Scan bundles from [scan-bundle:mvn:org.ops4j.pax.logging/pax-logging-api/1.6.2]
108  86 [main] INFO  org.ops4j.pax.scanner.internal.ProvisionServiceImpl  - Scan bundles from [scan-bundle:mvn:org.universAAL.middleware/mw.container.osgi/3.4.1-SNAPSHOT]
108  86 [main] INFO  org.ops4j.pax.scanner.internal.ProvisionServiceImpl  - Scan bundles from [scan-bundle:mvn:org.universAAL.middleware/mw.data.representation.osgi/3.4.1-SNAPSHOT]
108  86 [main] INFO  org.ops4j.pax.scanner.internal.ProvisionServiceImpl  - Scan bundles from [scan-bundle:mvn:org.universAAL.middleware/mw.interfaces.osgi/3.4.1-SNAPSHOT]
108  86 [main] INFO  org.ops4j.pax.scanner.internal.ProvisionServiceImpl  - Scan bundles from [scan-bundle:mvn:com.google.code.gson/gson/2.2.4]
109  86 [main] INFO  org.ops4j.pax.scanner.internal.ProvisionServiceImpl  - Scan bundles from [scan-bundle:mvn:org.universAAL.middleware/mw.connectors.api.osgi/3.4.1-SNAPSHOT]
109  86 [main] INFO  org.ops4j.pax.scanner.internal.ProvisionServiceImpl  - Scan bundles from [scan-bundle:mvn:org.universAAL.middleware/mw.brokers.api.osgi/3.4.1-SNAPSHOT]
109  86 [main] INFO  org.ops4j.pax.scanner.internal.ProvisionServiceImpl  - Scan bundles from [scan-bundle:mvn:org.universAAL.middleware/mw.modules.api.osgi/3.4.1-SNAPSHOT]
110  86 [main] INFO  org.ops4j.pax.scanner.internal.ProvisionServiceImpl  - Scan bundles from [scan-bundle:mvn:org.universAAL.middleware/mw.managers.api.osgi/3.4.1-SNAPSHOT]
110  86 [main] INFO  org.ops4j.pax.scanner.internal.ProvisionServiceImpl  - Scan bundles from [scan-bundle:wrap:mvn:org.bouncycastle/jce.jdk13/144]
110  86 [main] INFO  org.ops4j.pax.scanner.internal.ProvisionServiceImpl  - Scan bundles from [scan-bundle:mvn:org.jgroups/jgroups/3.4.0.Final]
110  86 [main] INFO  org.ops4j.pax.scanner.internal.ProvisionServiceImpl  - Scan bundles from [scan-bundle:mvn:org.universAAL.middleware/mw.modules.communication.osgi/3.4.1-SNAPSHOT]
116  86 [main] INFO  org.ops4j.pax.scanner.internal.ProvisionServiceImpl  - Scan bundles from [scan-bundle:mvn:org.universAAL.middleware/mw.connectors.communication.jgroups.osgi/3.4.1-SNAPSHOT]
116  86 [main] INFO  org.ops4j.pax.scanner.internal.ProvisionServiceImpl  - Scan bundles from [scan-bundle:mvn:org.universAAL.middleware/mw.brokers.control.osgi/3.4.1-SNAPSHOT]
116  86 [main] INFO  org.ops4j.pax.scanner.internal.ProvisionServiceImpl  - Scan bundles from [scan-bundle:mvn:org.universAAL.middleware/mw.modules.aalspace.osgi/3.4.1-SNAPSHOT]
117  86 [main] INFO  org.ops4j.pax.scanner.internal.ProvisionServiceImpl  - Scan bundles from [scan-bundle:mvn:org.universAAL.thirdparty/jslp.osgi/3.4.1-SNAPSHOT]
117  86 [main] INFO  org.ops4j.pax.scanner.internal.ProvisionServiceImpl  - Scan bundles from [scan-bundle:mvn:org.universAAL.middleware/mw.connectors.discovery.slp.osgi/3.4.1-SNAPSHOT]
117  86 [main] INFO  org.ops4j.pax.scanner.internal.ProvisionServiceImpl  - Scan bundles from [scan-bundle:mvn:org.universAAL.middleware/mw.managers.aalspace.osgi/3.4.1-SNAPSHOT]
117  86 [main] INFO  org.ops4j.pax.scanner.internal.ProvisionServiceImpl  - Scan bundles from [scan-bundle:mvn:org.universAAL.middleware/mw.bus.model.osgi/3.4.1-SNAPSHOT]
118  86 [main] INFO  org.ops4j.pax.scanner.internal.ProvisionServiceImpl  - Scan bundles from [scan-bundle:mvn:org.universAAL.middleware/mw.bus.service.osgi/3.4.1-SNAPSHOT]
118  86 [main] INFO  org.ops4j.pax.scanner.internal.ProvisionServiceImpl  - Scan bundles from [scan-bundle:mvn:org.universAAL.middleware/mw.bus.context.osgi/3.4.1-SNAPSHOT]
118  86 [main] INFO  org.ops4j.pax.scanner.internal.ProvisionServiceImpl  - Scan bundles from [scan-bundle:mvn:org.universAAL.middleware/mw.bus.ui.osgi/3.4.1-SNAPSHOT]
118  86 [main] INFO  org.ops4j.pax.scanner.internal.ProvisionServiceImpl  - Scan bundles from [scan-bundle:mvn:org.universAAL.middleware/mw.data.serialization.osgi/3.4.1-SNAPSHOT]
119  86 [main] INFO  org.ops4j.pax.scanner.internal.ProvisionServiceImpl  - Scan bundles from [scan-bundle:mvn:org.universAAL.middleware/mw.bus.tracker.osgi/3.4.1-SNAPSHOT]
119  86 [main] INFO  org.ops4j.pax.scanner.internal.ProvisionServiceImpl  - Scan bundles from [scan-bundle:mvn:org.universAAL.middleware/mw.managers.deploy.osgi/3.4.1-SNAPSHOT]
119  86 [main] INFO  org.ops4j.pax.scanner.internal.ProvisionServiceImpl  - Scan bundles from [scan-bundle:mvn:org.universAAL.middleware/mw.managers.configuration.osgi/3.4.1-SNAPSHOT]
119  86 [main] INFO  org.ops4j.pax.scanner.internal.ProvisionServiceImpl  - Scan bundles from [scan-bundle:mvn:org.universAAL.middleware/mw.managers.distributedmw.osgi/3.4.1-SNAPSHOT]
120  86 [main] INFO  org.ops4j.pax.scanner.internal.ProvisionServiceImpl  - Scan bundles from [scan-bundle:wrap:mvn:jp.go.ipa/jgcl/1.0]
120  86 [main] INFO  org.ops4j.pax.scanner.internal.ProvisionServiceImpl  - Scan bundles from [scan-bundle:mvn:org.universAAL.ontology/ont.phWorld/3.4.1-SNAPSHOT]
120  86 [main] INFO  org.ops4j.pax.scanner.internal.ProvisionServiceImpl  - Scan bundles from [scan-bundle:mvn:org.universAAL.ontology/ont.lighting/3.4.1-SNAPSHOT]
120  86 [main] INFO  org.ops4j.pax.scanner.internal.ProvisionServiceImpl  - Scan bundles from [scan-bundle:wrap:mvn:javax.servlet/servlet-api/2.5]
121  86 [main] INFO  org.ops4j.pax.scanner.internal.ProvisionServiceImpl  - Scan bundles from [scan-bundle:mvn:com.sun.grizzly/grizzly-framework/2.0.0-M3]
121  86 [main] INFO  org.ops4j.pax.scanner.internal.ProvisionServiceImpl  - Scan bundles from [scan-bundle:mvn:com.sun.grizzly/grizzly-http-util/2.0.0-M3]
121  86 [main] INFO  org.ops4j.pax.scanner.internal.ProvisionServiceImpl  - Scan bundles from [scan-bundle:mvn:com.sun.grizzly/grizzly-rcm/2.0.0-M3]
121  86 [main] INFO  org.ops4j.pax.scanner.internal.ProvisionServiceImpl  - Scan bundles from [scan-bundle:mvn:com.sun.grizzly/grizzly-http/2.0.0-M3]
121  86 [main] INFO  org.ops4j.pax.scanner.internal.ProvisionServiceImpl  - Scan bundles from [scan-bundle:mvn:com.sun.grizzly/grizzly-http-servlet/2.0.0-M3]
122  86 [main] INFO  org.ops4j.pax.scanner.internal.ProvisionServiceImpl  - Scan bundles from [scan-bundle:mvn:com.sun.grizzly/grizzly-servlet-webserver/2.0.0-M3]
122  86 [main] INFO  org.ops4j.pax.scanner.internal.ProvisionServiceImpl  - Scan bundles from [scan-bundle:mvn:javax.ws.rs/jsr311-api/1.1.1]
122  86 [main] INFO  org.ops4j.pax.scanner.internal.ProvisionServiceImpl  - Scan bundles from [scan-bundle:mvn:com.sun.jersey/jersey-bundle/1.18.1]
122  86 [main] INFO  org.ops4j.pax.scanner.internal.ProvisionServiceImpl  - Scan bundles from [scan-bundle:mvn:org.universAAL.samples/smp.lighting.server.osgi/3.4.1-SNAPSHOT]
123  86 [main] INFO  org.ops4j.pax.scanner.internal.ProvisionServiceImpl  - Scan bundles from [scan-bundle:wrap:mvn:org.universAAL.samples/smp.lighting.client.osgi/3.4.1-SNAPSHOT]
Following bundles are going to be installed in itests framework:
1. URL [mvn:org.ops4j.pax.url/pax-url-mvn/1.3.5]
2. URL [mvn:org.ops4j.pax.url/pax-url-mvn/1.3.5]
3. URL [mvn:org.ops4j.pax.url/pax-url-wrap/1.3.5]
4. URL [mvn:org.universAAL.support/itests/3.4.1-SNAPSHOT]
5. URL [mvn:org.apache.commons/com.springsource.org.apache.commons.io/1.4.0]
6. URL [mvn:org.universAAL.middleware/mw.container.xfaces.osgi/3.4.1-SNAPSHOT]
7. URL [mvn:log4j/log4j/1.2.17]
8. URL [wrap:mvn:org.universAAL.middleware/mw.container.junit/3.4.1-SNAPSHOT]
9. URL [mvn:org.universAAL.middleware/mw.schemas/3.4.1-SNAPSHOT]
10. URL [wrap:mvn:org.osgi/org.osgi.compendium/4.1.0]
11. URL [wrap:mvn:org.osgi/org.osgi.core/4.1.0]
12. URL [mvn:org.apache.felix/org.apache.felix.log/1.0.1]
13. URL [mvn:org.apache.felix/org.apache.felix.configadmin/1.2.4]
14. URL [mvn:org.apache.felix/org.apache.felix.fileinstall/3.1.10]
15. URL [mvn:org.ops4j.pax.confman/pax-confman-propsloader/0.2.2]
16. URL [mvn:org.apache.felix/org.osgi.core/1.0.1]
17. URL [mvn:org.apache.felix/org.osgi.service.obr/1.0.2]
18. URL [mvn:org.apache.felix/org.apache.felix.shell/1.4.1]
19. URL [wrap:mvn:xmlpull/xmlpull/1.1.3.1]
20. URL [wrap:mvn:net.sf.kxml/kxml2/2.2.2]
21. URL [mvn:org.apache.felix/org.apache.felix.bundlerepository/1.4.2]
22. URL [mvn:org.ops4j.pax.logging/pax-logging-api/1.6.2]
23. URL [mvn:org.universAAL.middleware/mw.container.osgi/3.4.1-SNAPSHOT]
24. URL [mvn:org.universAAL.middleware/mw.data.representation.osgi/3.4.1-SNAPSHOT]
25. URL [mvn:org.universAAL.middleware/mw.interfaces.osgi/3.4.1-SNAPSHOT]
26. URL [mvn:com.google.code.gson/gson/2.2.4]
27. URL [mvn:org.universAAL.middleware/mw.connectors.api.osgi/3.4.1-SNAPSHOT]
28. URL [mvn:org.universAAL.middleware/mw.brokers.api.osgi/3.4.1-SNAPSHOT]
29. URL [mvn:org.universAAL.middleware/mw.modules.api.osgi/3.4.1-SNAPSHOT]
30. URL [mvn:org.universAAL.middleware/mw.managers.api.osgi/3.4.1-SNAPSHOT]
31. URL [wrap:mvn:org.bouncycastle/jce.jdk13/144]
32. URL [mvn:org.jgroups/jgroups/3.4.0.Final]
33. URL [mvn:org.universAAL.middleware/mw.modules.communication.osgi/3.4.1-SNAPSHOT]
34. URL [mvn:org.universAAL.middleware/mw.connectors.communication.jgroups.osgi/3.4.1-SNAPSHOT]
35. URL [mvn:org.universAAL.middleware/mw.brokers.control.osgi/3.4.1-SNAPSHOT]
36. URL [mvn:org.universAAL.middleware/mw.modules.aalspace.osgi/3.4.1-SNAPSHOT]
37. URL [mvn:org.universAAL.thirdparty/jslp.osgi/3.4.1-SNAPSHOT]
38. URL [mvn:org.universAAL.middleware/mw.connectors.discovery.slp.osgi/3.4.1-SNAPSHOT]
39. URL [mvn:org.universAAL.middleware/mw.managers.aalspace.osgi/3.4.1-SNAPSHOT]
40. URL [mvn:org.universAAL.middleware/mw.bus.model.osgi/3.4.1-SNAPSHOT]
41. URL [mvn:org.universAAL.middleware/mw.bus.service.osgi/3.4.1-SNAPSHOT]
42. URL [mvn:org.universAAL.middleware/mw.bus.context.osgi/3.4.1-SNAPSHOT]
43. URL [mvn:org.universAAL.middleware/mw.bus.ui.osgi/3.4.1-SNAPSHOT]
44. URL [mvn:org.universAAL.middleware/mw.data.serialization.osgi/3.4.1-SNAPSHOT]
45. URL [mvn:org.universAAL.middleware/mw.bus.tracker.osgi/3.4.1-SNAPSHOT]
46. URL [mvn:org.universAAL.middleware/mw.managers.deploy.osgi/3.4.1-SNAPSHOT]
47. URL [mvn:org.universAAL.middleware/mw.managers.configuration.osgi/3.4.1-SNAPSHOT]
48. URL [mvn:org.universAAL.middleware/mw.managers.distributedmw.osgi/3.4.1-SNAPSHOT]
49. URL [wrap:mvn:jp.go.ipa/jgcl/1.0]
50. URL [mvn:org.universAAL.ontology/ont.phWorld/3.4.1-SNAPSHOT]
51. URL [mvn:org.universAAL.ontology/ont.lighting/3.4.1-SNAPSHOT]
52. URL [wrap:mvn:javax.servlet/servlet-api/2.5]
53. URL [mvn:com.sun.grizzly/grizzly-framework/2.0.0-M3]
54. URL [mvn:com.sun.grizzly/grizzly-http-util/2.0.0-M3]
55. URL [mvn:com.sun.grizzly/grizzly-rcm/2.0.0-M3]
56. URL [mvn:com.sun.grizzly/grizzly-http/2.0.0-M3]
57. URL [mvn:com.sun.grizzly/grizzly-http-servlet/2.0.0-M3]
58. URL [mvn:com.sun.grizzly/grizzly-servlet-webserver/2.0.0-M3]
59. URL [mvn:javax.ws.rs/jsr311-api/1.1.1]
60. URL [mvn:com.sun.jersey/jersey-bundle/1.18.1]
61. URL [mvn:org.universAAL.samples/smp.lighting.server.osgi/3.4.1-SNAPSHOT]
DEBUG: WIRE: [2.0] osgi.wiring.package; (osgi.wiring.package=javax.swing) -> [0]
DEBUG: WIRE: [2.0] osgi.wiring.package; (osgi.wiring.package=javax.swing.border) -> [0]
DEBUG: WIRE: [2.0] osgi.wiring.package; (osgi.wiring.package=javax.swing.event) -> [0]
DEBUG: WIRE: [2.0] osgi.wiring.package; (osgi.wiring.package=javax.swing.tree) -> [0]
DEBUG: WIRE: [23.0] osgi.wiring.package; (osgi.wiring.package=javax.management) -> [0]
DEBUG: WIRE: [23.0] osgi.wiring.package; (osgi.wiring.package=javax.naming) -> [0]
DEBUG: WIRE: [23.0] osgi.wiring.package; (osgi.wiring.package=javax.xml.parsers) -> [0]
DEBUG: WIRE: [23.0] osgi.wiring.package; (osgi.wiring.package=org.w3c.dom) -> [0]
DEBUG: WIRE: [23.0] osgi.wiring.package; (osgi.wiring.package=org.xml.sax) -> [0]
DEBUG: WIRE: [23.0] osgi.wiring.package; (osgi.wiring.package=org.xml.sax.helpers) -> [0]
DEBUG: FRAGMENT WIRE: [5.0] osgi.wiring.host; (&(osgi.wiring.host=com.springsource.slf4j.api)(bundle-version>=0.0.0)) -> [4.0]
DEBUG: WIRE: [5.0] osgi.wiring.package; (&(osgi.wiring.package=org.apache.log4j)(version>=1.2.15)(!(version>=2.0.0))) -> [23.0]
DEBUG: WIRE: [5.0] osgi.wiring.package; (&(osgi.wiring.package=org.slf4j)(version>=1.5.0)(!(version>=2.0.0))) -> [38.0]
DEBUG: WIRE: [5.0] osgi.wiring.package; (&(osgi.wiring.package=org.slf4j.helpers)(version>=1.5.0)(!(version>=2.0.0))) -> [38.0]
DEBUG: WIRE: [5.0] osgi.wiring.package; (&(osgi.wiring.package=org.slf4j.spi)(version>=1.5.0)(!(version>=2.0.0))) -> [38.0]
DEBUG: WIRE: [26.0] osgi.wiring.package; (&(osgi.wiring.package=org.osgi.service.cm)(version>=1.2.0)) -> [29.0]
DEBUG: WIRE: [26.0] osgi.wiring.package; (&(osgi.wiring.package=org.osgi.util.tracker)(version>=1.3.3)) -> [0]
DEBUG: WIRE: [29.0] osgi.wiring.package; (&(osgi.wiring.package=org.osgi.framework)(version>=1.3.0)) -> [0]
DEBUG: WIRE: [38.0] osgi.wiring.package; (osgi.wiring.package=javax.xml.parsers) -> [0]
DEBUG: WIRE: [38.0] osgi.wiring.package; (&(osgi.wiring.package=org.osgi.framework)(version>=1.0.0)(!(version>=2.0.0))) -> [0]
DEBUG: WIRE: [38.0] osgi.wiring.package; (&(osgi.wiring.package=org.osgi.service.event)(version>=1.0.0)(!(version>=2.0.0))) -> [26.0]
DEBUG: WIRE: [38.0] osgi.wiring.package; (&(osgi.wiring.package=org.osgi.service.log)(version>=1.3.0)(!(version>=2.0.0))) -> [26.0]
DEBUG: WIRE: [38.0] osgi.wiring.package; (&(osgi.wiring.package=org.osgi.util.tracker)(version>=1.0.0)(!(version>=2.0.0))) -> [0]
DEBUG: WIRE: [38.0] osgi.wiring.package; (osgi.wiring.package=org.w3c.dom) -> [0]
DEBUG: WIRE: [6.0] osgi.wiring.package; (&(osgi.wiring.package=org.slf4j)(version>=1.5.0)(!(version>=2.0.0))) -> [38.0]
DEBUG: WIRE: [6.0] osgi.wiring.package; (&(osgi.wiring.package=org.slf4j.spi)(version>=1.5.0)(!(version>=2.0.0))) -> [38.0]
DEBUG: WIRE: [7.0] osgi.wiring.package; (&(osgi.wiring.package=org.aopalliance.aop)(version>=1.0.0)(!(version>=2.0.0))) -> [1.0]
DEBUG: WIRE: [7.0] osgi.wiring.package; (&(osgi.wiring.package=org.aopalliance.intercept)(version>=1.0.0)(!(version>=2.0.0))) -> [1.0]
DEBUG: WIRE: [7.0] osgi.wiring.package; (&(osgi.wiring.package=org.apache.commons.logging)(version>=1.0.4)(!(version>=2.0.0))) -> [6.0]
DEBUG: WIRE: [7.0] osgi.wiring.package; (&(osgi.wiring.package=org.springframework.beans)(version>=2.5.6.SEC01)(version<=2.5.6.SEC01)) -> [8.0]
DEBUG: WIRE: [7.0] osgi.wiring.package; (&(osgi.wiring.package=org.springframework.beans.factory)(version>=2.5.6.SEC01)(version<=2.5.6.SEC01)) -> [8.0]
DEBUG: WIRE: [7.0] osgi.wiring.package; (&(osgi.wiring.package=org.springframework.beans.factory.config)(version>=2.5.6.SEC01)(version<=2.5.6.SEC01)) -> [8.0]
DEBUG: WIRE: [7.0] osgi.wiring.package; (&(osgi.wiring.package=org.springframework.beans.factory.parsing)(version>=2.5.6.SEC01)(version<=2.5.6.SEC01)) -> [8.0]
DEBUG: WIRE: [7.0] osgi.wiring.package; (&(osgi.wiring.package=org.springframework.beans.factory.support)(version>=2.5.6.SEC01)(version<=2.5.6.SEC01)) -> [8.0]
DEBUG: WIRE: [7.0] osgi.wiring.package; (&(osgi.wiring.package=org.springframework.beans.factory.xml)(version>=2.5.6.SEC01)(version<=2.5.6.SEC01)) -> [8.0]
DEBUG: WIRE: [7.0] osgi.wiring.package; (&(osgi.wiring.package=org.springframework.core)(version>=2.5.6.SEC01)(version<=2.5.6.SEC01)) -> [10.0]
DEBUG: WIRE: [7.0] osgi.wiring.package; (&(osgi.wiring.package=org.springframework.core.annotation)(version>=2.5.6.SEC01)(version<=2.5.6.SEC01)) -> [10.0]
DEBUG: WIRE: [7.0] osgi.wiring.package; (&(osgi.wiring.package=org.springframework.util)(version>=2.5.6.SEC01)(version<=2.5.6.SEC01)) -> [10.0]
DEBUG: WIRE: [7.0] osgi.wiring.package; (&(osgi.wiring.package=org.springframework.util.xml)(version>=2.5.6.SEC01)(version<=2.5.6.SEC01)) -> [10.0]
DEBUG: WIRE: [7.0] osgi.wiring.package; (osgi.wiring.package=org.w3c.dom) -> [0]
DEBUG: WIRE: [8.0] osgi.wiring.package; (osgi.wiring.package=javax.xml.parsers) -> [0]
DEBUG: WIRE: [8.0] osgi.wiring.package; (&(osgi.wiring.package=org.apache.commons.logging)(version>=1.0.4)(!(version>=2.0.0))) -> [6.0]
DEBUG: WIRE: [8.0] osgi.wiring.package; (&(osgi.wiring.package=org.springframework.core)(version>=2.5.6.SEC01)(version<=2.5.6.SEC01)) -> [10.0]
DEBUG: WIRE: [8.0] osgi.wiring.package; (&(osgi.wiring.package=org.springframework.core.annotation)(version>=2.5.6.SEC01)(version<=2.5.6.SEC01)) -> [10.0]
DEBUG: WIRE: [8.0] osgi.wiring.package; (&(osgi.wiring.package=org.springframework.core.io)(version>=2.5.6.SEC01)(version<=2.5.6.SEC01)) -> [10.0]
DEBUG: WIRE: [8.0] osgi.wiring.package; (&(osgi.wiring.package=org.springframework.core.io.support)(version>=2.5.6.SEC01)(version<=2.5.6.SEC01)) -> [10.0]
DEBUG: WIRE: [8.0] osgi.wiring.package; (&(osgi.wiring.package=org.springframework.core.type)(version>=2.5.6.SEC01)(version<=2.5.6.SEC01)) -> [10.0]
DEBUG: WIRE: [8.0] osgi.wiring.package; (&(osgi.wiring.package=org.springframework.util)(version>=2.5.6.SEC01)(version<=2.5.6.SEC01)) -> [10.0]
DEBUG: WIRE: [8.0] osgi.wiring.package; (&(osgi.wiring.package=org.springframework.util.xml)(version>=2.5.6.SEC01)(version<=2.5.6.SEC01)) -> [10.0]
DEBUG: WIRE: [8.0] osgi.wiring.package; (osgi.wiring.package=org.w3c.dom) -> [0]
DEBUG: WIRE: [8.0] osgi.wiring.package; (osgi.wiring.package=org.xml.sax) -> [0]
DEBUG: WIRE: [10.0] osgi.wiring.package; (osgi.wiring.package=javax.xml.transform) -> [0]
DEBUG: WIRE: [10.0] osgi.wiring.package; (&(osgi.wiring.package=org.apache.commons.logging)(version>=1.0.4)(!(version>=2.0.0))) -> [6.0]
DEBUG: WIRE: [10.0] osgi.wiring.package; (&(osgi.wiring.package=org.apache.log4j)(version>=1.2.15)(!(version>=2.0.0))) -> [23.0]
DEBUG: WIRE: [10.0] osgi.wiring.package; (&(osgi.wiring.package=org.apache.log4j.xml)(version>=1.2.15)(!(version>=2.0.0))) -> [23.0]
DEBUG: WIRE: [10.0] osgi.wiring.package; (osgi.wiring.package=org.w3c.dom) -> [0]
DEBUG: WIRE: [10.0] osgi.wiring.package; (osgi.wiring.package=org.xml.sax) -> [0]
DEBUG: WIRE: [9.0] osgi.wiring.package; (osgi.wiring.package=javax.management) -> [0]
DEBUG: WIRE: [9.0] osgi.wiring.package; (osgi.wiring.package=javax.management.modelmbean) -> [0]
DEBUG: WIRE: [9.0] osgi.wiring.package; (osgi.wiring.package=javax.management.openmbean) -> [0]
DEBUG: WIRE: [9.0] osgi.wiring.package; (osgi.wiring.package=javax.management.remote) -> [0]
DEBUG: WIRE: [9.0] osgi.wiring.package; (osgi.wiring.package=javax.naming) -> [0]
DEBUG: WIRE: [9.0] osgi.wiring.package; (osgi.wiring.package=javax.rmi) -> [0]
DEBUG: WIRE: [9.0] osgi.wiring.package; (osgi.wiring.package=javax.rmi.CORBA) -> [0]
DEBUG: WIRE: [9.0] osgi.wiring.package; (osgi.wiring.package=javax.xml.namespace) -> [0]
DEBUG: WIRE: [9.0] osgi.wiring.package; (&(osgi.wiring.package=org.aopalliance.aop)(version>=1.0.0)(!(version>=2.0.0))) -> [1.0]
DEBUG: WIRE: [9.0] osgi.wiring.package; (&(osgi.wiring.package=org.aopalliance.intercept)(version>=1.0.0)(!(version>=2.0.0))) -> [1.0]
DEBUG: WIRE: [9.0] osgi.wiring.package; (&(osgi.wiring.package=org.apache.commons.logging)(version>=1.0.4)(!(version>=2.0.0))) -> [6.0]
DEBUG: WIRE: [9.0] osgi.wiring.package; (osgi.wiring.package=org.omg.CORBA) -> [0]
DEBUG: WIRE: [9.0] osgi.wiring.package; (osgi.wiring.package=org.omg.CORBA.portable) -> [0]
DEBUG: WIRE: [9.0] osgi.wiring.package; (osgi.wiring.package=org.omg.CORBA_2_3.portable) -> [0]
DEBUG: WIRE: [9.0] osgi.wiring.package; (&(osgi.wiring.package=org.springframework.aop)(version>=2.5.6.SEC01)(version<=2.5.6.SEC01)) -> [7.0]
DEBUG: WIRE: [9.0] osgi.wiring.package; (&(osgi.wiring.package=org.springframework.aop.framework)(version>=2.5.6.SEC01)(version<=2.5.6.SEC01)) -> [7.0]
DEBUG: WIRE: [9.0] osgi.wiring.package; (&(osgi.wiring.package=org.springframework.aop.framework.adapter)(version>=2.5.6.SEC01)(version<=2.5.6.SEC01)) -> [7.0]
DEBUG: WIRE: [9.0] osgi.wiring.package; (&(osgi.wiring.package=org.springframework.aop.scope)(version>=2.5.6.SEC01)(version<=2.5.6.SEC01)) -> [7.0]
DEBUG: WIRE: [9.0] osgi.wiring.package; (&(osgi.wiring.package=org.springframework.aop.support)(version>=2.5.6.SEC01)(version<=2.5.6.SEC01)) -> [7.0]
DEBUG: WIRE: [9.0] osgi.wiring.package; (&(osgi.wiring.package=org.springframework.aop.target)(version>=2.5.6.SEC01)(version<=2.5.6.SEC01)) -> [7.0]
DEBUG: WIRE: [9.0] osgi.wiring.package; (&(osgi.wiring.package=org.springframework.aop.target.dynamic)(version>=2.5.6.SEC01)(version<=2.5.6.SEC01)) -> [7.0]
DEBUG: WIRE: [9.0] osgi.wiring.package; (&(osgi.wiring.package=org.springframework.beans)(version>=2.5.6.SEC01)(version<=2.5.6.SEC01)) -> [8.0]
DEBUG: WIRE: [9.0] osgi.wiring.package; (&(osgi.wiring.package=org.springframework.beans.annotation)(version>=2.5.6.SEC01)(version<=2.5.6.SEC01)) -> [8.0]
DEBUG: WIRE: [9.0] osgi.wiring.package; (&(osgi.wiring.package=org.springframework.beans.factory)(version>=2.5.6.SEC01)(version<=2.5.6.SEC01)) -> [8.0]
DEBUG: WIRE: [9.0] osgi.wiring.package; (&(osgi.wiring.package=org.springframework.beans.factory.access)(version>=2.5.6.SEC01)(version<=2.5.6.SEC01)) -> [8.0]
DEBUG: WIRE: [9.0] osgi.wiring.package; (&(osgi.wiring.package=org.springframework.beans.factory.annotation)(version>=2.5.6.SEC01)(version<=2.5.6.SEC01)) -> [8.0]
DEBUG: WIRE: [9.0] osgi.wiring.package; (&(osgi.wiring.package=org.springframework.beans.factory.config)(version>=2.5.6.SEC01)(version<=2.5.6.SEC01)) -> [8.0]
DEBUG: WIRE: [9.0] osgi.wiring.package; (&(osgi.wiring.package=org.springframework.beans.factory.parsing)(version>=2.5.6.SEC01)(version<=2.5.6.SEC01)) -> [8.0]
DEBUG: WIRE: [9.0] osgi.wiring.package; (&(osgi.wiring.package=org.springframework.beans.factory.support)(version>=2.5.6.SEC01)(version<=2.5.6.SEC01)) -> [8.0]
DEBUG: WIRE: [9.0] osgi.wiring.package; (&(osgi.wiring.package=org.springframework.beans.factory.xml)(version>=2.5.6.SEC01)(version<=2.5.6.SEC01)) -> [8.0]
DEBUG: WIRE: [9.0] osgi.wiring.package; (&(osgi.wiring.package=org.springframework.beans.propertyeditors)(version>=2.5.6.SEC01)(version<=2.5.6.SEC01)) -> [8.0]
DEBUG: WIRE: [9.0] osgi.wiring.package; (&(osgi.wiring.package=org.springframework.beans.support)(version>=2.5.6.SEC01)(version<=2.5.6.SEC01)) -> [8.0]
DEBUG: WIRE: [9.0] osgi.wiring.package; (&(osgi.wiring.package=org.springframework.core)(version>=2.5.6.SEC01)(version<=2.5.6.SEC01)) -> [10.0]
DEBUG: WIRE: [9.0] osgi.wiring.package; (&(osgi.wiring.package=org.springframework.core.annotation)(version>=2.5.6.SEC01)(version<=2.5.6.SEC01)) -> [10.0]
DEBUG: WIRE: [9.0] osgi.wiring.package; (&(osgi.wiring.package=org.springframework.core.io)(version>=2.5.6.SEC01)(version<=2.5.6.SEC01)) -> [10.0]
DEBUG: WIRE: [9.0] osgi.wiring.package; (&(osgi.wiring.package=org.springframework.core.io.support)(version>=2.5.6.SEC01)(version<=2.5.6.SEC01)) -> [10.0]
DEBUG: WIRE: [9.0] osgi.wiring.package; (&(osgi.wiring.package=org.springframework.core.task)(version>=2.5.6.SEC01)(version<=2.5.6.SEC01)) -> [10.0]
DEBUG: WIRE: [9.0] osgi.wiring.package; (&(osgi.wiring.package=org.springframework.core.task.support)(version>=2.5.6.SEC01)(version<=2.5.6.SEC01)) -> [10.0]
DEBUG: WIRE: [9.0] osgi.wiring.package; (&(osgi.wiring.package=org.springframework.core.type)(version>=2.5.6.SEC01)(version<=2.5.6.SEC01)) -> [10.0]
DEBUG: WIRE: [9.0] osgi.wiring.package; (&(osgi.wiring.package=org.springframework.core.type.classreading)(version>=2.5.6.SEC01)(version<=2.5.6.SEC01)) -> [10.0]
DEBUG: WIRE: [9.0] osgi.wiring.package; (&(osgi.wiring.package=org.springframework.core.type.filter)(version>=2.5.6.SEC01)(version<=2.5.6.SEC01)) -> [10.0]
DEBUG: WIRE: [9.0] osgi.wiring.package; (&(osgi.wiring.package=org.springframework.metadata)(version>=2.5.6.SEC01)(version<=2.5.6.SEC01)) -> [10.0]
DEBUG: WIRE: [9.0] osgi.wiring.package; (&(osgi.wiring.package=org.springframework.util)(version>=2.5.6.SEC01)(version<=2.5.6.SEC01)) -> [10.0]
DEBUG: WIRE: [9.0] osgi.wiring.package; (&(osgi.wiring.package=org.springframework.util.xml)(version>=2.5.6.SEC01)(version<=2.5.6.SEC01)) -> [10.0]
DEBUG: WIRE: [9.0] osgi.wiring.package; (osgi.wiring.package=org.w3c.dom) -> [0]
DEBUG: WIRE: [9.0] osgi.wiring.package; (osgi.wiring.package=org.xml.sax) -> [0]
DEBUG: WIRE: [11.0] osgi.wiring.package; (osgi.wiring.package=javax.naming) -> [0]
DEBUG: WIRE: [11.0] osgi.wiring.package; (osgi.wiring.package=javax.naming.spi) -> [0]
DEBUG: WIRE: [11.0] osgi.wiring.package; (osgi.wiring.package=javax.sql) -> [0]
DEBUG: WIRE: [11.0] osgi.wiring.package; (&(osgi.wiring.package=junit.framework)(version>=3.8.2)(!(version>=4.0.0))) -> [2.0]
DEBUG: WIRE: [11.0] osgi.wiring.package; (&(osgi.wiring.package=org.apache.commons.logging)(version>=1.0.4)(!(version>=2.0.0))) -> [6.0]
DEBUG: WIRE: [11.0] osgi.wiring.package; (&(osgi.wiring.package=org.springframework.beans)(version>=2.5.6.SEC01)(version<=2.5.6.SEC01)) -> [8.0]
DEBUG: WIRE: [11.0] osgi.wiring.package; (&(osgi.wiring.package=org.springframework.beans.factory)(version>=2.5.6.SEC01)(version<=2.5.6.SEC01)) -> [8.0]
DEBUG: WIRE: [11.0] osgi.wiring.package; (&(osgi.wiring.package=org.springframework.beans.factory.annotation)(version>=2.5.6.SEC01)(version<=2.5.6.SEC01)) -> [8.0]
DEBUG: WIRE: [11.0] osgi.wiring.package; (&(osgi.wiring.package=org.springframework.beans.factory.config)(version>=2.5.6.SEC01)(version<=2.5.6.SEC01)) -> [8.0]
DEBUG: WIRE: [11.0] osgi.wiring.package; (&(osgi.wiring.package=org.springframework.beans.factory.support)(version>=2.5.6.SEC01)(version<=2.5.6.SEC01)) -> [8.0]
DEBUG: WIRE: [11.0] osgi.wiring.package; (&(osgi.wiring.package=org.springframework.beans.factory.xml)(version>=2.5.6.SEC01)(version<=2.5.6.SEC01)) -> [8.0]
DEBUG: WIRE: [11.0] osgi.wiring.package; (&(osgi.wiring.package=org.springframework.context)(version>=2.5.6.SEC01)(version<=2.5.6.SEC01)) -> [9.0]
DEBUG: WIRE: [11.0] osgi.wiring.package; (&(osgi.wiring.package=org.springframework.context.annotation)(version>=2.5.6.SEC01)(version<=2.5.6.SEC01)) -> [9.0]
DEBUG: WIRE: [11.0] osgi.wiring.package; (&(osgi.wiring.package=org.springframework.context.support)(version>=2.5.6.SEC01)(version<=2.5.6.SEC01)) -> [9.0]
DEBUG: WIRE: [11.0] osgi.wiring.package; (&(osgi.wiring.package=org.springframework.core)(version>=2.5.6.SEC01)(version<=2.5.6.SEC01)) -> [10.0]
DEBUG: WIRE: [11.0] osgi.wiring.package; (&(osgi.wiring.package=org.springframework.core.annotation)(version>=2.5.6.SEC01)(version<=2.5.6.SEC01)) -> [10.0]
DEBUG: WIRE: [11.0] osgi.wiring.package; (&(osgi.wiring.package=org.springframework.core.io)(version>=2.5.6.SEC01)(version<=2.5.6.SEC01)) -> [10.0]
DEBUG: WIRE: [11.0] osgi.wiring.package; (&(osgi.wiring.package=org.springframework.core.io.support)(version>=2.5.6.SEC01)(version<=2.5.6.SEC01)) -> [10.0]
DEBUG: WIRE: [11.0] osgi.wiring.package; (&(osgi.wiring.package=org.springframework.core.style)(version>=2.5.6.SEC01)(version<=2.5.6.SEC01)) -> [10.0]
DEBUG: WIRE: [11.0] osgi.wiring.package; (&(osgi.wiring.package=org.springframework.instrument.classloading)(version>=2.5.6.SEC01)(version<=2.5.6.SEC01)) -> [9.0]
DEBUG: WIRE: [11.0] osgi.wiring.package; (&(osgi.wiring.package=org.springframework.jndi)(version>=2.5.6.SEC01)(version<=2.5.6.SEC01)) -> [9.0]
DEBUG: WIRE: [11.0] osgi.wiring.package; (&(osgi.wiring.package=org.springframework.util)(version>=2.5.6.SEC01)(version<=2.5.6.SEC01)) -> [10.0]
DEBUG: WIRE: [12.0] osgi.wiring.package; (osgi.wiring.package=javax.management) -> [0]
DEBUG: WIRE: [12.0] osgi.wiring.package; (osgi.wiring.package=javax.naming) -> [0]
DEBUG: WIRE: [12.0] osgi.wiring.package; (osgi.wiring.package=javax.swing) -> [0]
DEBUG: WIRE: [12.0] osgi.wiring.package; (osgi.wiring.package=javax.swing.border) -> [0]
DEBUG: WIRE: [12.0] osgi.wiring.package; (osgi.wiring.package=javax.swing.event) -> [0]
DEBUG: WIRE: [12.0] osgi.wiring.package; (osgi.wiring.package=javax.swing.table) -> [0]
DEBUG: WIRE: [12.0] osgi.wiring.package; (osgi.wiring.package=javax.swing.text) -> [0]
DEBUG: WIRE: [12.0] osgi.wiring.package; (osgi.wiring.package=javax.swing.tree) -> [0]
DEBUG: WIRE: [12.0] osgi.wiring.package; (osgi.wiring.package=javax.xml.parsers) -> [0]
DEBUG: WIRE: [12.0] osgi.wiring.package; (&(osgi.wiring.package=org.apache.log4j)(version>=1.2.15)) -> [23.0]
DEBUG: WIRE: [12.0] osgi.wiring.package; (&(osgi.wiring.package=org.apache.log4j.config)(version>=1.2.15)) -> [23.0]
DEBUG: WIRE: [12.0] osgi.wiring.package; (&(osgi.wiring.package=org.apache.log4j.helpers)(version>=1.2.15)) -> [23.0]
DEBUG: WIRE: [12.0] osgi.wiring.package; (&(osgi.wiring.package=org.apache.log4j.jdbc)(version>=1.2.15)) -> [23.0]
DEBUG: WIRE: [12.0] osgi.wiring.package; (&(osgi.wiring.package=org.apache.log4j.jmx)(version>=1.2.15)) -> [23.0]
DEBUG: WIRE: [12.0] osgi.wiring.package; (&(osgi.wiring.package=org.apache.log4j.net)(version>=1.2.15)) -> [23.0]
DEBUG: WIRE: [12.0] osgi.wiring.package; (&(osgi.wiring.package=org.apache.log4j.nt)(version>=1.2.15)) -> [23.0]
DEBUG: WIRE: [12.0] osgi.wiring.package; (&(osgi.wiring.package=org.apache.log4j.or)(version>=1.2.15)) -> [23.0]
DEBUG: WIRE: [12.0] osgi.wiring.package; (&(osgi.wiring.package=org.apache.log4j.or.jms)(version>=1.2.15)) -> [23.0]
DEBUG: WIRE: [12.0] osgi.wiring.package; (&(osgi.wiring.package=org.apache.log4j.or.sax)(version>=1.2.15)) -> [23.0]
DEBUG: WIRE: [12.0] osgi.wiring.package; (&(osgi.wiring.package=org.apache.log4j.spi)(version>=1.2.15)) -> [23.0]
DEBUG: WIRE: [12.0] osgi.wiring.package; (&(osgi.wiring.package=org.apache.log4j.varia)(version>=1.2.15)) -> [23.0]
DEBUG: WIRE: [12.0] osgi.wiring.package; (&(osgi.wiring.package=org.apache.log4j.xml)(version>=1.2.15)) -> [23.0]
DEBUG: WIRE: [12.0] osgi.wiring.package; (osgi.wiring.package=org.w3c.dom) -> [0]
DEBUG: WIRE: [12.0] osgi.wiring.package; (osgi.wiring.package=org.xml.sax) -> [0]
DEBUG: WIRE: [12.0] osgi.wiring.package; (osgi.wiring.package=org.xml.sax.helpers) -> [0]
DEBUG: WIRE: [15.0] osgi.wiring.package; (&(osgi.wiring.package=org.apache.commons.logging)(version>=1.0.0)(!(version>=2.0.0))) -> [6.0]
DEBUG: WIRE: [15.0] osgi.wiring.package; (&(osgi.wiring.package=org.osgi.framework)(version>=1.3.0)) -> [0]
DEBUG: WIRE: [15.0] osgi.wiring.package; (&(osgi.wiring.package=org.osgi.service.packageadmin)(version>=1.2.0)) -> [0]
DEBUG: WIRE: [15.0] osgi.wiring.package; (&(osgi.wiring.package=org.springframework.beans)(version>=2.5.6)(!(version>=4.0.0))) -> [8.0]
DEBUG: WIRE: [15.0] osgi.wiring.package; (&(osgi.wiring.package=org.springframework.beans.factory)(version>=2.5.6)(!(version>=4.0.0))) -> [8.0]
DEBUG: WIRE: [15.0] osgi.wiring.package; (&(osgi.wiring.package=org.springframework.beans.factory.config)(version>=2.5.6)(!(version>=4.0.0))) -> [8.0]
DEBUG: WIRE: [15.0] osgi.wiring.package; (&(osgi.wiring.package=org.springframework.beans.factory.xml)(version>=2.5.6)(!(version>=4.0.0))) -> [8.0]
DEBUG: WIRE: [15.0] osgi.wiring.package; (&(osgi.wiring.package=org.springframework.context)(version>=2.5.6)(!(version>=4.0.0))) -> [9.0]
DEBUG: WIRE: [15.0] osgi.wiring.package; (&(osgi.wiring.package=org.springframework.context.event)(version>=2.5.6)(!(version>=4.0.0))) -> [9.0]
DEBUG: WIRE: [15.0] osgi.wiring.package; (&(osgi.wiring.package=org.springframework.core)(version>=2.5.6)(!(version>=4.0.0))) -> [10.0]
DEBUG: WIRE: [15.0] osgi.wiring.package; (&(osgi.wiring.package=org.springframework.core.enums)(version>=2.5.6)(!(version>=4.0.0))) -> [10.0]
DEBUG: WIRE: [15.0] osgi.wiring.package; (&(osgi.wiring.package=org.springframework.core.io)(version>=2.5.6)(!(version>=4.0.0))) -> [10.0]
DEBUG: WIRE: [15.0] osgi.wiring.package; (&(osgi.wiring.package=org.springframework.core.task)(version>=2.5.6)(!(version>=4.0.0))) -> [10.0]
DEBUG: WIRE: [15.0] osgi.wiring.package; (&(osgi.wiring.package=org.springframework.osgi)(version>=1.2.1)(version<=1.2.1)) -> [14.0]
DEBUG: WIRE: [15.0] osgi.wiring.package; (&(osgi.wiring.package=org.springframework.osgi.context)(version>=1.2.1)(version<=1.2.1)) -> [14.0]
DEBUG: WIRE: [15.0] osgi.wiring.package; (&(osgi.wiring.package=org.springframework.osgi.context.event)(version>=1.2.1)(version<=1.2.1)) -> [14.0]
DEBUG: WIRE: [15.0] osgi.wiring.package; (&(osgi.wiring.package=org.springframework.osgi.context.support)(version>=1.2.1)(version<=1.2.1)) -> [14.0]
DEBUG: WIRE: [15.0] osgi.wiring.package; (&(osgi.wiring.package=org.springframework.osgi.extensions.annotation)(version>=1.2.1)(version<=1.2.1)) -> [13.0]
DEBUG: WIRE: [15.0] osgi.wiring.package; (&(osgi.wiring.package=org.springframework.osgi.service.importer)(version>=1.2.1)(version<=1.2.1)) -> [14.0]
DEBUG: WIRE: [15.0] osgi.wiring.package; (&(osgi.wiring.package=org.springframework.osgi.service.importer.event)(version>=1.2.1)(version<=1.2.1)) -> [14.0]
DEBUG: WIRE: [15.0] osgi.wiring.package; (&(osgi.wiring.package=org.springframework.osgi.service.importer.support)(version>=1.2.1)(version<=1.2.1)) -> [14.0]
DEBUG: WIRE: [15.0] osgi.wiring.package; (&(osgi.wiring.package=org.springframework.osgi.util)(version>=1.2.1)(version<=1.2.1)) -> [14.0]
DEBUG: WIRE: [15.0] osgi.wiring.package; (&(osgi.wiring.package=org.springframework.scheduling.timer)(version>=2.5.6)(!(version>=4.0.0))) -> [9.0]
DEBUG: WIRE: [15.0] osgi.wiring.package; (&(osgi.wiring.package=org.springframework.util)(version>=2.5.6)(!(version>=4.0.0))) -> [10.0]
DEBUG: WIRE: [15.0] osgi.wiring.package; (osgi.wiring.package=org.xml.sax) -> [0]
DEBUG: WIRE: [14.0] osgi.wiring.package; (&(osgi.wiring.package=org.aopalliance.aop)(version>=0.0.0)) -> [1.0]
DEBUG: WIRE: [14.0] osgi.wiring.package; (&(osgi.wiring.package=org.aopalliance.intercept)(version>=0.0.0)) -> [1.0]
DEBUG: WIRE: [14.0] osgi.wiring.package; (&(osgi.wiring.package=org.apache.commons.logging)(version>=1.0.0)(!(version>=2.0.0))) -> [6.0]
DEBUG: WIRE: [14.0] osgi.wiring.package; (&(osgi.wiring.package=org.osgi.framework)(version>=1.3.0)) -> [0]
DEBUG: WIRE: [14.0] osgi.wiring.package; (&(osgi.wiring.package=org.osgi.service.cm)(version>=1.2.0)) -> [29.0]
DEBUG: WIRE: [14.0] osgi.wiring.package; (&(osgi.wiring.package=org.osgi.service.packageadmin)(version>=1.2.0)) -> [0]
DEBUG: WIRE: [14.0] osgi.wiring.package; (&(osgi.wiring.package=org.osgi.service.startlevel)(version>=1.0.0)) -> [0]
DEBUG: WIRE: [14.0] osgi.wiring.package; (&(osgi.wiring.package=org.springframework.aop)(version>=2.5.6)(!(version>=4.0.0))) -> [7.0]
DEBUG: WIRE: [14.0] osgi.wiring.package; (&(osgi.wiring.package=org.springframework.aop.framework)(version>=2.5.6)(!(version>=4.0.0))) -> [7.0]
DEBUG: WIRE: [14.0] osgi.wiring.package; (&(osgi.wiring.package=org.springframework.aop.support)(version>=2.5.6)(!(version>=4.0.0))) -> [7.0]
DEBUG: WIRE: [14.0] osgi.wiring.package; (&(osgi.wiring.package=org.springframework.beans)(version>=2.5.6)(!(version>=4.0.0))) -> [8.0]
DEBUG: WIRE: [14.0] osgi.wiring.package; (&(osgi.wiring.package=org.springframework.beans.factory)(version>=2.5.6)(!(version>=4.0.0))) -> [8.0]
DEBUG: WIRE: [14.0] osgi.wiring.package; (&(osgi.wiring.package=org.springframework.beans.factory.config)(version>=2.5.6)(!(version>=4.0.0))) -> [8.0]
DEBUG: WIRE: [14.0] osgi.wiring.package; (&(osgi.wiring.package=org.springframework.beans.factory.support)(version>=2.5.6)(!(version>=4.0.0))) -> [8.0]
DEBUG: WIRE: [14.0] osgi.wiring.package; (&(osgi.wiring.package=org.springframework.beans.factory.xml)(version>=2.5.6)(!(version>=4.0.0))) -> [8.0]
DEBUG: WIRE: [14.0] osgi.wiring.package; (&(osgi.wiring.package=org.springframework.beans.propertyeditors)(version>=2.5.6)(!(version>=4.0.0))) -> [8.0]
DEBUG: WIRE: [14.0] osgi.wiring.package; (&(osgi.wiring.package=org.springframework.context)(version>=2.5.6)(!(version>=4.0.0))) -> [9.0]
DEBUG: WIRE: [14.0] osgi.wiring.package; (&(osgi.wiring.package=org.springframework.context.event)(version>=2.5.6)(!(version>=4.0.0))) -> [9.0]
DEBUG: WIRE: [14.0] osgi.wiring.package; (&(osgi.wiring.package=org.springframework.context.support)(version>=2.5.6)(!(version>=4.0.0))) -> [9.0]
DEBUG: WIRE: [14.0] osgi.wiring.package; (&(osgi.wiring.package=org.springframework.core)(version>=2.5.6)(!(version>=4.0.0))) -> [10.0]
DEBUG: WIRE: [14.0] osgi.wiring.package; (&(osgi.wiring.package=org.springframework.core.enums)(version>=2.5.6)(!(version>=4.0.0))) -> [10.0]
DEBUG: WIRE: [14.0] osgi.wiring.package; (&(osgi.wiring.package=org.springframework.core.io)(version>=2.5.6)(!(version>=4.0.0))) -> [10.0]
DEBUG: WIRE: [14.0] osgi.wiring.package; (&(osgi.wiring.package=org.springframework.core.io.support)(version>=2.5.6)(!(version>=4.0.0))) -> [10.0]
DEBUG: WIRE: [14.0] osgi.wiring.package; (&(osgi.wiring.package=org.springframework.osgi.io)(version>=1.2.1)(version<=1.2.1)) -> [16.0]
DEBUG: WIRE: [14.0] osgi.wiring.package; (&(osgi.wiring.package=org.springframework.util)(version>=2.5.6)(!(version>=4.0.0))) -> [10.0]
DEBUG: WIRE: [14.0] osgi.wiring.package; (&(osgi.wiring.package=org.springframework.util.xml)(version>=2.5.6)(!(version>=4.0.0))) -> [10.0]
DEBUG: WIRE: [14.0] osgi.wiring.package; (osgi.wiring.package=org.w3c.dom) -> [0]
DEBUG: WIRE: [14.0] osgi.wiring.package; (osgi.wiring.package=org.xml.sax) -> [0]
DEBUG: WIRE: [13.0] osgi.wiring.package; (&(osgi.wiring.package=org.apache.commons.logging)(version>=1.0.0)(!(version>=2.0.0))) -> [6.0]
DEBUG: WIRE: [13.0] osgi.wiring.package; (&(osgi.wiring.package=org.osgi.framework)(version>=1.3.0)) -> [0]
DEBUG: WIRE: [13.0] osgi.wiring.package; (&(osgi.wiring.package=org.springframework.beans)(version>=2.5.6)(!(version>=4.0.0))) -> [8.0]
DEBUG: WIRE: [13.0] osgi.wiring.package; (&(osgi.wiring.package=org.springframework.beans.factory)(version>=2.5.6)(!(version>=4.0.0))) -> [8.0]
DEBUG: WIRE: [13.0] osgi.wiring.package; (&(osgi.wiring.package=org.springframework.beans.factory.config)(version>=2.5.6)(!(version>=4.0.0))) -> [8.0]
DEBUG: WIRE: [13.0] osgi.wiring.package; (&(osgi.wiring.package=org.springframework.core.annotation)(version>=2.5.6)(!(version>=4.0.0))) -> [10.0]
DEBUG: WIRE: [13.0] osgi.wiring.package; (&(osgi.wiring.package=org.springframework.osgi.context)(version>=1.2.1)(version<=1.2.1)) -> [14.0]
DEBUG: WIRE: [13.0] osgi.wiring.package; (&(osgi.wiring.package=org.springframework.osgi.extender)(version>=1.2.1)(version<=1.2.1)) -> [15.0]
DEBUG: WIRE: [13.0] osgi.wiring.package; (&(osgi.wiring.package=org.springframework.osgi.service.exporter.support)(version>=1.2.1)(version<=1.2.1)) -> [14.0]
DEBUG: WIRE: [13.0] osgi.wiring.package; (&(osgi.wiring.package=org.springframework.osgi.service.importer)(version>=1.2.1)(version<=1.2.1)) -> [14.0]
DEBUG: WIRE: [13.0] osgi.wiring.package; (&(osgi.wiring.package=org.springframework.osgi.service.importer.support)(version>=1.2.1)(version<=1.2.1)) -> [14.0]
DEBUG: WIRE: [13.0] osgi.wiring.package; (&(osgi.wiring.package=org.springframework.osgi.util)(version>=1.2.1)(version<=1.2.1)) -> [14.0]
DEBUG: WIRE: [13.0] osgi.wiring.package; (&(osgi.wiring.package=org.springframework.util)(version>=2.5.6)(!(version>=4.0.0))) -> [10.0]
DEBUG: WIRE: [16.0] osgi.wiring.package; (&(osgi.wiring.package=org.apache.commons.logging)(version>=1.0.0)(!(version>=2.0.0))) -> [6.0]
DEBUG: WIRE: [16.0] osgi.wiring.package; (&(osgi.wiring.package=org.osgi.framework)(version>=1.3.0)) -> [0]
DEBUG: WIRE: [16.0] osgi.wiring.package; (&(osgi.wiring.package=org.osgi.service.packageadmin)(version>=1.2.0)) -> [0]
DEBUG: WIRE: [16.0] osgi.wiring.package; (&(osgi.wiring.package=org.springframework.core.io)(version>=2.5.6)(!(version>=4.0.0))) -> [10.0]
DEBUG: WIRE: [16.0] osgi.wiring.package; (&(osgi.wiring.package=org.springframework.core.io.support)(version>=2.5.6)(!(version>=4.0.0))) -> [10.0]
DEBUG: WIRE: [16.0] osgi.wiring.package; (&(osgi.wiring.package=org.springframework.util)(version>=2.5.6)(!(version>=4.0.0))) -> [10.0]
[org.springframework.osgi.extender.internal.activator.ContextLoaderListener] : Starting [org.springframework.osgi.extender] bundle v.[1.2.1]
[org.springframework.osgi.extender.internal.support.NamespaceManager] : Adding namespace handler resolver for Spring AOP (org.springframework.aop)
[org.springframework.osgi.extender.internal.support.NamespacePlugins] : Adding as handler Spring AOP (org.springframework.aop)
[org.springframework.osgi.extender.internal.support.NamespaceManager] : Adding namespace handler resolver for Spring Beans (org.springframework.beans)
[org.springframework.osgi.extender.internal.support.NamespacePlugins] : Adding as handler Spring Beans (org.springframework.beans)
[org.springframework.osgi.extender.internal.support.NamespaceManager] : Adding namespace handler resolver for Spring Context (org.springframework.context)
[org.springframework.osgi.extender.internal.support.NamespacePlugins] : Adding as handler Spring Context (org.springframework.context)
[org.springframework.osgi.extender.internal.support.NamespaceManager] : Adding namespace handler resolver for spring-osgi-core (org.springframework.osgi.core)
[org.springframework.osgi.extender.internal.support.NamespacePlugins] : Adding as handler spring-osgi-core (org.springframework.osgi.core)
[org.springframework.osgi.extender.internal.support.NamespaceManager] : Registering Spring NamespaceHandlerResolver and EntityResolver...
[org.springframework.osgi.extender.internal.support.ExtenderConfiguration] : No custom extender configuration detected; using defaults...
[org.springframework.scheduling.timer.TimerTaskExecutor] : Initializing Timer
[org.springframework.osgi.extender.internal.support.ExtenderConfiguration] : Spring-DM annotation processing disabled; [org.springframework.osgi.extensions.annotation.ServiceReferenceDependencyBeanFactoryPostProcessor] not loaded
[org.springframework.osgi.service.importer.support.StaticServiceProxyCreator] : Greedy proxying will NOT consider exposed classes
[org.springframework.osgi.service.importer.support.OsgiServiceCollectionProxyFactoryBean] : Creating a multi-value/collection proxy
[org.springframework.osgi.extender.internal.activator.ContextLoaderListener] : Initialization of OSGi listeners service completed...
[org.springframework.osgi.extender.internal.activator.ContextLoaderListener] : Scanning bundle [System Bundle (org.apache.felix.framework)] for configurations...
[org.springframework.osgi.extender.internal.activator.ContextLoaderListener] : Creating an application context for bundle [System Bundle (org.apache.felix.framework)]
[org.springframework.osgi.extender.internal.activator.ContextLoaderListener] : No application context created for bundle [System Bundle (org.apache.felix.framework)]
[org.springframework.osgi.extender.internal.activator.ContextLoaderListener] : Scanning bundle [AOP Alliance API (com.springsource.org.aopalliance)] for configurations...
[org.springframework.osgi.extender.internal.activator.ContextLoaderListener] : Creating an application context for bundle [AOP Alliance API (com.springsource.org.aopalliance)]
[org.springframework.osgi.extender.internal.activator.ContextLoaderListener] : No application context created for bundle [AOP Alliance API (com.springsource.org.aopalliance)]
[org.springframework.osgi.extender.internal.activator.ContextLoaderListener] : Scanning bundle [JUnit (com.springsource.junit)] for configurations...
[org.springframework.osgi.extender.internal.activator.ContextLoaderListener] : Creating an application context for bundle [JUnit (com.springsource.junit)]
[org.springframework.osgi.extender.internal.activator.ContextLoaderListener] : No application context created for bundle [JUnit (com.springsource.junit)]
[org.springframework.osgi.extender.internal.activator.ContextLoaderListener] : Scanning bundle [ObjectWeb ASM (com.springsource.org.objectweb.asm)] for configurations...
[org.springframework.osgi.extender.internal.activator.ContextLoaderListener] : Creating an application context for bundle [ObjectWeb ASM (com.springsource.org.objectweb.asm)]
[org.springframework.osgi.extender.internal.activator.ContextLoaderListener] : No application context created for bundle [ObjectWeb ASM (com.springsource.org.objectweb.asm)]
[org.springframework.osgi.extender.internal.activator.ContextLoaderListener] : Scanning bundle [SLF4J API (com.springsource.slf4j.api)] for configurations...
[org.springframework.osgi.extender.internal.activator.ContextLoaderListener] : Creating an application context for bundle [SLF4J API (com.springsource.slf4j.api)]
[org.springframework.osgi.extender.internal.activator.ContextLoaderListener] : No application context created for bundle [SLF4J API (com.springsource.slf4j.api)]
[org.springframework.osgi.extender.internal.activator.ContextLoaderListener] : Scanning bundle [SLF4J Jakarta Commons Logging Over SLF4J Binding (com.springsource.slf4j.org.apache.commons.logging)] for configurations...
[org.springframework.osgi.extender.internal.activator.ContextLoaderListener] : Creating an application context for bundle [SLF4J Jakarta Commons Logging Over SLF4J Binding (com.springsource.slf4j.org.apache.commons.logging)]
[org.springframework.osgi.extender.internal.activator.ContextLoaderListener] : No application context created for bundle [SLF4J Jakarta Commons Logging Over SLF4J Binding (com.springsource.slf4j.org.apache.commons.logging)]
[org.springframework.osgi.extender.internal.activator.ContextLoaderListener] : Scanning bundle [Spring AOP (org.springframework.aop)] for configurations...
[org.springframework.osgi.extender.internal.activator.ContextLoaderListener] : Creating an application context for bundle [Spring AOP (org.springframework.aop)]
[org.springframework.osgi.extender.internal.activator.ContextLoaderListener] : No application context created for bundle [Spring AOP (org.springframework.aop)]
[org.springframework.osgi.extender.internal.activator.ContextLoaderListener] : Scanning bundle [Spring Beans (org.springframework.beans)] for configurations...
[org.springframework.osgi.extender.internal.activator.ContextLoaderListener] : Creating an application context for bundle [Spring Beans (org.springframework.beans)]
[org.springframework.osgi.extender.internal.activator.ContextLoaderListener] : No application context created for bundle [Spring Beans (org.springframework.beans)]
[org.springframework.osgi.extender.internal.activator.ContextLoaderListener] : Scanning bundle [Spring Context (org.springframework.context)] for configurations...
[org.springframework.osgi.extender.internal.activator.ContextLoaderListener] : Creating an application context for bundle [Spring Context (org.springframework.context)]
[org.springframework.osgi.extender.internal.activator.ContextLoaderListener] : No application context created for bundle [Spring Context (org.springframework.context)]
[org.springframework.osgi.extender.internal.activator.ContextLoaderListener] : Scanning bundle [Spring Core (org.springframework.core)] for configurations...
[org.springframework.osgi.extender.internal.activator.ContextLoaderListener] : Creating an application context for bundle [Spring Core (org.springframework.core)]
[org.springframework.osgi.extender.internal.activator.ContextLoaderListener] : No application context created for bundle [Spring Core (org.springframework.core)]
[org.springframework.osgi.extender.internal.activator.ContextLoaderListener] : Scanning bundle [Spring Test (org.springframework.test)] for configurations...
[org.springframework.osgi.extender.internal.activator.ContextLoaderListener] : Creating an application context for bundle [Spring Test (org.springframework.test)]
[org.springframework.osgi.extender.internal.activator.ContextLoaderListener] : No application context created for bundle [Spring Test (org.springframework.test)]
[org.springframework.osgi.extender.internal.activator.ContextLoaderListener] : Scanning bundle [log4j.osgi (org.springframework.osgi.log4j.osgi)] for configurations...
[org.springframework.osgi.extender.internal.activator.ContextLoaderListener] : Creating an application context for bundle [log4j.osgi (org.springframework.osgi.log4j.osgi)]
[org.springframework.osgi.extender.internal.activator.ContextLoaderListener] : No application context created for bundle [log4j.osgi (org.springframework.osgi.log4j.osgi)]
[org.springframework.osgi.extender.internal.activator.ContextLoaderListener] : Scanning bundle [spring-osgi-annotation (org.springframework.osgi.extensions.annotations)] for configurations...
[org.springframework.osgi.extender.internal.activator.ContextLoaderListener] : Creating an application context for bundle [spring-osgi-annotation (org.springframework.osgi.extensions.annotations)]
[org.springframework.osgi.extender.internal.activator.ContextLoaderListener] : No application context created for bundle [spring-osgi-annotation (org.springframework.osgi.extensions.annotations)]
[org.springframework.osgi.extender.internal.activator.ContextLoaderListener] : Scanning bundle [spring-osgi-core (org.springframework.osgi.core)] for configurations...
[org.springframework.osgi.extender.internal.activator.ContextLoaderListener] : Creating an application context for bundle [spring-osgi-core (org.springframework.osgi.core)]
[org.springframework.osgi.extender.internal.activator.ContextLoaderListener] : No application context created for bundle [spring-osgi-core (org.springframework.osgi.core)]
[org.springframework.osgi.extender.internal.activator.ContextLoaderListener] : Scanning bundle [spring-osgi-io (org.springframework.osgi.io)] for configurations...
[org.springframework.osgi.extender.internal.activator.ContextLoaderListener] : Creating an application context for bundle [spring-osgi-io (org.springframework.osgi.io)]
[org.springframework.osgi.extender.internal.activator.ContextLoaderListener] : No application context created for bundle [spring-osgi-io (org.springframework.osgi.io)]
DEBUG: WIRE: [17.0] osgi.wiring.package; (osgi.wiring.package=javax.xml.parsers) -> [0]
DEBUG: WIRE: [17.0] osgi.wiring.package; (&(osgi.wiring.package=junit.framework)(version>=3.8.0)) -> [2.0]
DEBUG: WIRE: [17.0] osgi.wiring.package; (&(osgi.wiring.package=org.apache.commons.logging)(version>=1.0.0)(!(version>=2.0.0))) -> [6.0]
DEBUG: WIRE: [17.0] osgi.wiring.package; (&(osgi.wiring.package=org.objectweb.asm)(version>=2.0.0)(!(version>=3.0.0))) -> [3.0]
DEBUG: WIRE: [17.0] osgi.wiring.package; (&(osgi.wiring.package=org.objectweb.asm.signature)(version>=2.0.0)(!(version>=3.0.0))) -> [3.0]
DEBUG: WIRE: [17.0] osgi.wiring.package; (&(osgi.wiring.package=org.osgi.framework)(version>=1.3.0)) -> [0]
DEBUG: WIRE: [17.0] osgi.wiring.package; (&(osgi.wiring.package=org.osgi.service.packageadmin)(version>=1.2.0)) -> [0]
DEBUG: WIRE: [17.0] osgi.wiring.package; (&(osgi.wiring.package=org.springframework.beans)(version>=2.5.6)(!(version>=4.0.0))) -> [8.0]
DEBUG: WIRE: [17.0] osgi.wiring.package; (&(osgi.wiring.package=org.springframework.beans.factory)(version>=2.5.6)(!(version>=4.0.0))) -> [8.0]
DEBUG: WIRE: [17.0] osgi.wiring.package; (&(osgi.wiring.package=org.springframework.beans.factory.support)(version>=2.5.6)(!(version>=4.0.0))) -> [8.0]
DEBUG: WIRE: [17.0] osgi.wiring.package; (&(osgi.wiring.package=org.springframework.beans.factory.xml)(version>=2.5.6)(!(version>=4.0.0))) -> [8.0]
DEBUG: WIRE: [17.0] osgi.wiring.package; (&(osgi.wiring.package=org.springframework.context)(version>=2.5.6)(!(version>=4.0.0))) -> [9.0]
DEBUG: WIRE: [17.0] osgi.wiring.package; (&(osgi.wiring.package=org.springframework.core)(version>=2.5.6)(!(version>=4.0.0))) -> [10.0]
DEBUG: WIRE: [17.0] osgi.wiring.package; (&(osgi.wiring.package=org.springframework.core.io)(version>=2.5.6)(!(version>=4.0.0))) -> [10.0]
DEBUG: WIRE: [17.0] osgi.wiring.package; (&(osgi.wiring.package=org.springframework.core.io.support)(version>=2.5.6)(!(version>=4.0.0))) -> [10.0]
DEBUG: WIRE: [17.0] osgi.wiring.package; (&(osgi.wiring.package=org.springframework.core.task)(version>=2.5.6)(!(version>=4.0.0))) -> [10.0]
DEBUG: WIRE: [17.0] osgi.wiring.package; (&(osgi.wiring.package=org.springframework.osgi.context)(version>=1.2.1)(version<=1.2.1)) -> [14.0]
DEBUG: WIRE: [17.0] osgi.wiring.package; (&(osgi.wiring.package=org.springframework.osgi.context.support)(version>=1.2.1)(version<=1.2.1)) -> [14.0]
DEBUG: WIRE: [17.0] osgi.wiring.package; (&(osgi.wiring.package=org.springframework.osgi.io)(version>=1.2.1)(version<=1.2.1)) -> [16.0]
DEBUG: WIRE: [17.0] osgi.wiring.package; (&(osgi.wiring.package=org.springframework.osgi.util)(version>=1.2.1)(version<=1.2.1)) -> [14.0]
DEBUG: WIRE: [17.0] osgi.wiring.package; (&(osgi.wiring.package=org.springframework.test)(version>=2.5.6)(!(version>=4.0.0))) -> [11.0]
DEBUG: WIRE: [17.0] osgi.wiring.package; (&(osgi.wiring.package=org.springframework.util)(version>=2.5.6)(!(version>=4.0.0))) -> [10.0]
DEBUG: WIRE: [17.0] osgi.wiring.package; (&(osgi.wiring.package=org.springframework.util.xml)(version>=2.5.6)(!(version>=4.0.0))) -> [10.0]
DEBUG: WIRE: [17.0] osgi.wiring.package; (osgi.wiring.package=org.w3c.dom) -> [0]
DEBUG: WIRE: [17.0] osgi.wiring.package; (osgi.wiring.package=org.xml.sax) -> [0]
[org.springframework.osgi.extender.internal.activator.ContextLoaderListener] : Scanning bundle [spring-osgi-test (org.springframework.osgi.test)] for configurations...
[org.springframework.osgi.extender.internal.activator.ContextLoaderListener] : Creating an application context for bundle [spring-osgi-test (org.springframework.osgi.test)]
[org.springframework.osgi.extender.internal.activator.ContextLoaderListener] : No application context created for bundle [spring-osgi-test (org.springframework.osgi.test)]
DEBUG: WIRE: [18.0] osgi.wiring.package; (osgi.wiring.package=javax.net.ssl) -> [0]
DEBUG: WIRE: [18.0] osgi.wiring.package; (osgi.wiring.package=javax.xml.parsers) -> [0]
DEBUG: WIRE: [18.0] osgi.wiring.package; (&(osgi.wiring.package=org.apache.commons.logging)(version>=1.0.4)) -> [6.0]
DEBUG: WIRE: [18.0] osgi.wiring.package; (&(osgi.wiring.package=org.osgi.framework)(version>=1.0.0)(!(version>=2.0.0))) -> [0]
DEBUG: WIRE: [18.0] osgi.wiring.package; (&(osgi.wiring.package=org.osgi.service.cm)(version>=1.0.0)(!(version>=2.0.0))) -> [29.0]
DEBUG: WIRE: [18.0] osgi.wiring.package; (&(osgi.wiring.package=org.osgi.service.url)(version>=1.0.0)(!(version>=2.0.0))) -> [0]
DEBUG: WIRE: [18.0] osgi.wiring.package; (osgi.wiring.package=org.w3c.dom) -> [0]
DEBUG: WIRE: [18.0] osgi.wiring.package; (osgi.wiring.package=org.xml.sax) -> [0]
[org.ops4j.pax.url.commons.handler.HandlerActivator] : Handler for protocols [mvn] started
[org.springframework.osgi.extender.internal.activator.ContextLoaderListener] : Scanning bundle [OPS4J Pax Url - mvn: (org.ops4j.pax.url.mvn; singleton:=true  )] for configurations...
[org.springframework.osgi.extender.internal.activator.ContextLoaderListener] : Creating an application context for bundle [OPS4J Pax Url - mvn: (org.ops4j.pax.url.mvn; singleton:=true  )]
[org.springframework.osgi.extender.internal.activator.ContextLoaderListener] : No application context created for bundle [OPS4J Pax Url - mvn: (org.ops4j.pax.url.mvn; singleton:=true  )]
DEBUG: WIRE: [19.0] osgi.wiring.package; (osgi.wiring.package=javax.net.ssl) -> [0]
DEBUG: WIRE: [19.0] osgi.wiring.package; (osgi.wiring.package=javax.xml.parsers) -> [0]
DEBUG: WIRE: [19.0] osgi.wiring.package; (osgi.wiring.package=javax.xml.transform) -> [0]
DEBUG: WIRE: [19.0] osgi.wiring.package; (osgi.wiring.package=javax.xml.transform.stream) -> [0]
DEBUG: WIRE: [19.0] osgi.wiring.package; (&(osgi.wiring.package=org.apache.commons.logging)(version>=1.0.4)) -> [6.0]
DEBUG: WIRE: [19.0] osgi.wiring.package; (&(osgi.wiring.package=org.osgi.framework)(version>=1.0.0)(!(version>=2.0.0))) -> [0]
DEBUG: WIRE: [19.0] osgi.wiring.package; (&(osgi.wiring.package=org.osgi.service.cm)(version>=1.0.0)(!(version>=2.0.0))) -> [29.0]
DEBUG: WIRE: [19.0] osgi.wiring.package; (&(osgi.wiring.package=org.osgi.service.log)(version>=1.3.0)) -> [26.0]
DEBUG: WIRE: [19.0] osgi.wiring.package; (&(osgi.wiring.package=org.osgi.service.url)(version>=1.0.0)(!(version>=2.0.0))) -> [0]
DEBUG: WIRE: [19.0] osgi.wiring.package; (osgi.wiring.package=org.w3c.dom) -> [0]
DEBUG: WIRE: [19.0] osgi.wiring.package; (osgi.wiring.package=org.xml.sax) -> [0]
[org.ops4j.pax.url.commons.handler.HandlerActivator] : Handler for protocols [wrap] started
[org.springframework.osgi.extender.internal.activator.ContextLoaderListener] : Scanning bundle [OPS4J Pax Url - wrap: (org.ops4j.pax.url.wrap; singleton:=true)] for configurations...
[org.springframework.osgi.extender.internal.activator.ContextLoaderListener] : Creating an application context for bundle [OPS4J Pax Url - wrap: (org.ops4j.pax.url.wrap; singleton:=true)]
[org.springframework.osgi.extender.internal.activator.ContextLoaderListener] : No application context created for bundle [OPS4J Pax Url - wrap: (org.ops4j.pax.url.wrap; singleton:=true)]
DEBUG: WIRE: [20.0] osgi.wiring.package; (osgi.wiring.package=javax.net.ssl) -> [0]
DEBUG: WIRE: [20.0] osgi.wiring.package; (osgi.wiring.package=javax.xml.parsers) -> [0]
DEBUG: WIRE: [20.0] osgi.wiring.package; (osgi.wiring.package=javax.xml.transform) -> [0]
DEBUG: WIRE: [20.0] osgi.wiring.package; (osgi.wiring.package=javax.xml.transform.stream) -> [0]
DEBUG: WIRE: [20.0] osgi.wiring.package; (&(osgi.wiring.package=org.apache.commons.io)(version>=1.4.0)(!(version>=2.0.0))) -> [21.0]
DEBUG: WIRE: [20.0] osgi.wiring.package; (&(osgi.wiring.package=org.osgi.framework)(version>=1.0.0)(!(version>=2.0.0))) -> [0]
DEBUG: WIRE: [20.0] osgi.wiring.package; (&(osgi.wiring.package=org.osgi.framework.hooks.bundle)(version>=1.1.0)(!(version>=2.0.0))) -> [0]
DEBUG: WIRE: [20.0] osgi.wiring.package; (&(osgi.wiring.package=org.osgi.framework.hooks.resolver)(version>=1.0.0)(!(version>=2.0.0))) -> [0]
DEBUG: WIRE: [20.0] osgi.wiring.package; (&(osgi.wiring.package=org.osgi.framework.hooks.service)(version>=1.1.0)(!(version>=2.0.0))) -> [0]
DEBUG: WIRE: [20.0] osgi.wiring.package; (&(osgi.wiring.package=org.osgi.framework.hooks.weaving)(version>=1.0.0)(!(version>=2.0.0))) -> [0]
DEBUG: WIRE: [20.0] osgi.wiring.package; (&(osgi.wiring.package=org.osgi.framework.launch)(version>=1.1.0)(!(version>=2.0.0))) -> [0]
DEBUG: WIRE: [20.0] osgi.wiring.package; (&(osgi.wiring.package=org.osgi.framework.startlevel)(version>=1.0.0)(!(version>=2.0.0))) -> [0]
DEBUG: WIRE: [20.0] osgi.wiring.package; (&(osgi.wiring.package=org.osgi.framework.wiring)(version>=1.1.0)(!(version>=2.0.0))) -> [0]
DEBUG: WIRE: [20.0] osgi.wiring.package; (&(osgi.wiring.package=org.osgi.resource)(version>=1.0.0)(!(version>=2.0.0))) -> [0]
DEBUG: WIRE: [20.0] osgi.wiring.package; (osgi.wiring.package=org.osgi.service.cm) -> [29.0]
DEBUG: WIRE: [20.0] osgi.wiring.package; (osgi.wiring.package=org.osgi.service.log) -> [26.0]
DEBUG: WIRE: [20.0] osgi.wiring.package; (&(osgi.wiring.package=org.osgi.service.packageadmin)(version>=1.2.0)(!(version>=2.0.0))) -> [0]
DEBUG: WIRE: [20.0] osgi.wiring.package; (&(osgi.wiring.package=org.osgi.service.startlevel)(version>=1.1.0)(!(version>=2.0.0))) -> [0]
DEBUG: WIRE: [20.0] osgi.wiring.package; (&(osgi.wiring.package=org.osgi.service.url)(version>=1.0.0)(!(version>=2.0.0))) -> [0]
DEBUG: WIRE: [20.0] osgi.wiring.package; (&(osgi.wiring.package=org.osgi.util.tracker)(version>=1.5.0)(!(version>=2.0.0))) -> [0]
DEBUG: WIRE: [20.0] osgi.wiring.package; (&(osgi.wiring.package=org.springframework.core.io)(version>=2.5.0)(!(version>=3.0.0))) -> [10.0]
DEBUG: WIRE: [20.0] osgi.wiring.package; (&(osgi.wiring.package=org.springframework.osgi.test)(version>=1.2.0)(!(version>=2.0.0))) -> [17.0]
DEBUG: WIRE: [20.0] osgi.wiring.package; (&(osgi.wiring.package=org.springframework.osgi.test.platform)(version>=1.2.0)(!(version>=2.0.0))) -> [17.0]
DEBUG: WIRE: [20.0] osgi.wiring.package; (&(osgi.wiring.package=org.springframework.util)(version>=2.5.0)(!(version>=3.0.0))) -> [10.0]
DEBUG: WIRE: [20.0] osgi.wiring.package; (osgi.wiring.package=org.w3c.dom) -> [0]
DEBUG: WIRE: [20.0] osgi.wiring.package; (osgi.wiring.package=org.xml.sax) -> [0]
[org.springframework.osgi.extender.internal.activator.ContextLoaderListener] : Scanning bundle [universAAL Support Integration Tests Framework (itests)] for configurations...
[org.springframework.osgi.extender.internal.activator.ContextLoaderListener] : Creating an application context for bundle [universAAL Support Integration Tests Framework (itests)]
[org.springframework.osgi.extender.internal.activator.ContextLoaderListener] : No application context created for bundle [universAAL Support Integration Tests Framework (itests)]
[org.springframework.osgi.extender.internal.activator.ContextLoaderListener] : Scanning bundle [Apache Commons IO (com.springsource.org.apache.commons.io)] for configurations...
[org.springframework.osgi.extender.internal.activator.ContextLoaderListener] : Creating an application context for bundle [Apache Commons IO (com.springsource.org.apache.commons.io)]
[org.springframework.osgi.extender.internal.activator.ContextLoaderListener] : No application context created for bundle [Apache Commons IO (com.springsource.org.apache.commons.io)]
[org.springframework.osgi.extender.internal.activator.ContextLoaderListener] : Scanning bundle [universAAL Middleware Container Interfaces (OSGi) (mw.container.xfaces.osgi)] for configurations...
[org.springframework.osgi.extender.internal.activator.ContextLoaderListener] : Creating an application context for bundle [universAAL Middleware Container Interfaces (OSGi) (mw.container.xfaces.osgi)]
[org.springframework.osgi.extender.internal.activator.ContextLoaderListener] : No application context created for bundle [universAAL Middleware Container Interfaces (OSGi) (mw.container.xfaces.osgi)]
[org.springframework.osgi.extender.internal.activator.ContextLoaderListener] : Scanning bundle [Apache Log4j (log4j)] for configurations...
[org.springframework.osgi.extender.internal.activator.ContextLoaderListener] : Creating an application context for bundle [Apache Log4j (log4j)]
[org.springframework.osgi.extender.internal.activator.ContextLoaderListener] : No application context created for bundle [Apache Log4j (log4j)]
DEBUG: WIRE: [24.0] osgi.wiring.package; (osgi.wiring.package=org.apache.log4j) -> [23.0]
DEBUG: WIRE: [24.0] osgi.wiring.package; (osgi.wiring.package=org.universAAL.middleware.container) -> [22.0]
[org.springframework.osgi.extender.internal.activator.ContextLoaderListener] : Scanning bundle [wrap_mvn_org.universAAL.middleware_mw.container.junit_3.4.1-SNAPSHOT (wrap_mvn_org.universAAL.middleware_mw.container.junit_3.4.1-SNAPSHOT)] for configurations...
[org.springframework.osgi.extender.internal.activator.ContextLoaderListener] : Creating an application context for bundle [wrap_mvn_org.universAAL.middleware_mw.container.junit_3.4.1-SNAPSHOT (wrap_mvn_org.universAAL.middleware_mw.container.junit_3.4.1-SNAPSHOT)]
[org.springframework.osgi.extender.internal.activator.ContextLoaderListener] : No application context created for bundle [wrap_mvn_org.universAAL.middleware_mw.container.junit_3.4.1-SNAPSHOT (wrap_mvn_org.universAAL.middleware_mw.container.junit_3.4.1-SNAPSHOT)]
DEBUG: WIRE: [25.0] osgi.wiring.package; (osgi.wiring.package=javax.xml.bind) -> [0]
DEBUG: WIRE: [25.0] osgi.wiring.package; (osgi.wiring.package=javax.xml.bind.annotation) -> [0]
DEBUG: WIRE: [25.0] osgi.wiring.package; (osgi.wiring.package=javax.xml.bind.annotation.adapters) -> [0]
DEBUG: WIRE: [25.0] osgi.wiring.package; (osgi.wiring.package=javax.xml.namespace) -> [0]
DEBUG: WIRE: [25.0] osgi.wiring.package; (osgi.wiring.package=org.w3c.dom) -> [0]
[org.springframework.osgi.extender.internal.activator.ContextLoaderListener] : Scanning bundle [universAAL Middleware XSD Schemas (mw.schemas)] for configurations...
[org.springframework.osgi.extender.internal.activator.ContextLoaderListener] : Creating an application context for bundle [universAAL Middleware XSD Schemas (mw.schemas)]
[org.springframework.osgi.extender.internal.activator.ContextLoaderListener] : No application context created for bundle [universAAL Middleware XSD Schemas (mw.schemas)]
[org.springframework.osgi.extender.internal.activator.ContextLoaderListener] : Scanning bundle [osgi.compendium (osgi.compendium)] for configurations...
[org.springframework.osgi.extender.internal.activator.ContextLoaderListener] : Creating an application context for bundle [osgi.compendium (osgi.compendium)]
[org.springframework.osgi.extender.internal.activator.ContextLoaderListener] : No application context created for bundle [osgi.compendium (osgi.compendium)]
DEBUG: WIRE: [27.0] osgi.wiring.package; (&(osgi.wiring.package=org.osgi.framework)(version>=1.4.0)) -> [0]
DEBUG: WIRE: [27.0] osgi.wiring.package; (&(osgi.wiring.package=org.osgi.service.packageadmin)(version>=1.2.0)) -> [0]
DEBUG: WIRE: [27.0] osgi.wiring.package; (&(osgi.wiring.package=org.osgi.service.startlevel)(version>=1.1.0)) -> [0]
DEBUG: WIRE: [27.0] osgi.wiring.package; (&(osgi.wiring.package=org.osgi.service.url)(version>=1.0.0)) -> [0]
[org.springframework.osgi.extender.internal.activator.ContextLoaderListener] : Scanning bundle [osgi.core (osgi.core)] for configurations...
[org.springframework.osgi.extender.internal.activator.ContextLoaderListener] : Creating an application context for bundle [osgi.core (osgi.core)]
[org.springframework.osgi.extender.internal.activator.ContextLoaderListener] : No application context created for bundle [osgi.core (osgi.core)]
DEBUG: WIRE: [28.0] osgi.wiring.package; (&(osgi.wiring.package=org.osgi.framework)(version>=1.4.0)(!(version>=2.0.0))) -> [0]
DEBUG: WIRE: [28.0] osgi.wiring.package; (&(osgi.wiring.package=org.osgi.service.log)(version>=1.3.0)(!(version>=2.0.0))) -> [26.0]
[org.springframework.osgi.extender.internal.activator.ContextLoaderListener] : Scanning bundle [Apache Felix Log Service (org.apache.felix.log)] for configurations...
[org.springframework.osgi.extender.internal.activator.ContextLoaderListener] : Creating an application context for bundle [Apache Felix Log Service (org.apache.felix.log)]
[org.springframework.osgi.extender.internal.activator.ContextLoaderListener] : No application context created for bundle [Apache Felix Log Service (org.apache.felix.log)]
DEBUG: DYNAMIC WIRE: [29.0] osgi.wiring.package; (osgi.wiring.package=org.osgi.service.log) -> [26.0]
[org.springframework.osgi.extender.internal.activator.ContextLoaderListener] : Scanning bundle [Apache Felix Configuration Admin Service (org.apache.felix.configadmin)] for configurations...
[org.springframework.osgi.extender.internal.activator.ContextLoaderListener] : Creating an application context for bundle [Apache Felix Configuration Admin Service (org.apache.felix.configadmin)]
[org.springframework.osgi.extender.internal.activator.ContextLoaderListener] : No application context created for bundle [Apache Felix Configuration Admin Service (org.apache.felix.configadmin)]
DEBUG: WIRE: [30.0] osgi.wiring.package; (&(osgi.wiring.package=org.osgi.framework)(version>=1.4.0)(!(version>=2.0.0))) -> [0]
DEBUG: WIRE: [30.0] osgi.wiring.package; (&(osgi.wiring.package=org.osgi.service.cm)(version>=1.3.0)(!(version>=2.0.0))) -> [29.0]
DEBUG: WIRE: [30.0] osgi.wiring.package; (&(osgi.wiring.package=org.osgi.service.log)(version>=1.3.0)(!(version>=2.0.0))) -> [26.0]
DEBUG: WIRE: [30.0] osgi.wiring.package; (&(osgi.wiring.package=org.osgi.service.packageadmin)(version>=1.2.0)(!(version>=2.0.0))) -> [0]
DEBUG: WIRE: [30.0] osgi.wiring.package; (&(osgi.wiring.package=org.osgi.service.startlevel)(version>=1.1.0)(!(version>=2.0.0))) -> [0]
DEBUG: WIRE: [30.0] osgi.wiring.package; (&(osgi.wiring.package=org.osgi.service.url)(version>=1.0.0)(!(version>=2.0.0))) -> [0]
DEBUG: WIRE: [30.0] osgi.wiring.package; (&(osgi.wiring.package=org.osgi.util.tracker)(version>=1.4.0)(!(version>=2.0.0))) -> [0]
[org.springframework.osgi.extender.internal.activator.ContextLoaderListener] : Scanning bundle [Apache Felix File Install (org.apache.felix.fileinstall)] for configurations...
[org.springframework.osgi.extender.internal.activator.ContextLoaderListener] : Creating an application context for bundle [Apache Felix File Install (org.apache.felix.fileinstall)]
[org.springframework.osgi.extender.internal.activator.ContextLoaderListener] : No application context created for bundle [Apache Felix File Install (org.apache.felix.fileinstall)]
DEBUG: WIRE: [31.0] osgi.wiring.package; (&(osgi.wiring.package=org.apache.commons.logging)(version>=1.0.4)) -> [6.0]
DEBUG: WIRE: [31.0] osgi.wiring.package; (&(osgi.wiring.package=org.osgi.framework)(version>=1.0.0)(!(version>=2.0.0))) -> [0]
DEBUG: WIRE: [31.0] osgi.wiring.package; (&(osgi.wiring.package=org.osgi.service.cm)(version>=1.0.0)(!(version>=2.0.0))) -> [29.0]
DEBUG: WIRE: [31.0] osgi.wiring.package; (&(osgi.wiring.package=org.osgi.util.tracker)(version>=1.0.0)(!(version>=2.0.0))) -> [0]
[org.ops4j.pax.configmanager.internal.Activator] : Starting [org.ops4j.pax.configmanager]...
[org.ops4j.pax.configmanager.internal.ConfigurationAdminFacade] : Using configuration from [target/rundir/confadmin/]
[org.ops4j.pax.configmanager.internal.ConfigurationAdminFacade] : Directory [target\rundir\confadmin\factories] does not exist.
[org.ops4j.pax.configmanager.internal.ConfigurationAdminFacade] : Using configuration from [target/rundir/confadmin/]
[org.ops4j.pax.configmanager.internal.ConfigurationAdminFacade] : Directory [target\rundir\confadmin\factories] does not exist.
[org.ops4j.pax.configmanager.internal.ConfigurationAdminFacade] : Register configuration [mw.connectors.communication.jgroups.core]
[org.ops4j.pax.configmanager.internal.ConfigurationAdminFacade] : Register configuration [mw.connectors.discovery.slp.core]
[org.ops4j.pax.configmanager.internal.ConfigurationAdminFacade] : Register configuration [mw.managers.aalspace.core]
[org.ops4j.pax.configmanager.internal.ConfigurationAdminFacade] : Register configuration [mw.managers.deploy.core]
[org.ops4j.pax.configmanager.internal.ConfigurationAdminFacade] : Register configuration [mw.modules.aalspace.core]
[org.ops4j.pax.configmanager.internal.ConfigurationAdminFacade] : Register configuration [org.ops4j.pax.logging]
[org.ops4j.pax.configmanager.internal.ConfigurationAdminFacade] : Register configuration [org.universAAL.mw.data.representation]
[org.springframework.osgi.extender.internal.activator.ContextLoaderListener] : Scanning bundle [OPS4J Pax ConfMan - Properties Loader (org.ops4j.pax.configmanager)] for configurations...
[org.springframework.osgi.extender.internal.activator.ContextLoaderListener] : Creating an application context for bundle [OPS4J Pax ConfMan - Properties Loader (org.ops4j.pax.configmanager)]
[org.springframework.osgi.extender.internal.activator.ContextLoaderListener] : No application context created for bundle [OPS4J Pax ConfMan - Properties Loader (org.ops4j.pax.configmanager)]
DEBUG: WIRE: [32.0] osgi.wiring.package; (&(osgi.wiring.package=org.osgi.framework)(version>=1.3.0)) -> [0]
DEBUG: WIRE: [32.0] osgi.wiring.package; (&(osgi.wiring.package=org.osgi.service.packageadmin)(version>=1.2.0)) -> [0]
DEBUG: WIRE: [32.0] osgi.wiring.package; (&(osgi.wiring.package=org.osgi.service.startlevel)(version>=1.0.0)) -> [0]
DEBUG: WIRE: [32.0] osgi.wiring.package; (&(osgi.wiring.package=org.osgi.service.url)(version>=1.0.0)) -> [0]
[org.springframework.osgi.extender.internal.activator.ContextLoaderListener] : Scanning bundle [OSGi R4 Core Bundle (org.osgi.core)] for configurations...
[org.springframework.osgi.extender.internal.activator.ContextLoaderListener] : Creating an application context for bundle [OSGi R4 Core Bundle (org.osgi.core)]
[org.springframework.osgi.extender.internal.activator.ContextLoaderListener] : No application context created for bundle [OSGi R4 Core Bundle (org.osgi.core)]
DEBUG: WIRE: [33.0] osgi.wiring.package; (&(osgi.wiring.package=org.osgi.framework)(version>=1.3.0)) -> [0]
[org.springframework.osgi.extender.internal.activator.ContextLoaderListener] : Scanning bundle [OSGi OBR Service API (org.osgi.service.obr)] for configurations...
[org.springframework.osgi.extender.internal.activator.ContextLoaderListener] : Creating an application context for bundle [OSGi OBR Service API (org.osgi.service.obr)]
[org.springframework.osgi.extender.internal.activator.ContextLoaderListener] : No application context created for bundle [OSGi OBR Service API (org.osgi.service.obr)]
DEBUG: WIRE: [34.0] osgi.wiring.package; (&(osgi.wiring.package=org.osgi.framework)(version>=1.4.0)) -> [0]
DEBUG: WIRE: [34.0] osgi.wiring.package; (&(osgi.wiring.package=org.osgi.service.log)(version>=1.3.0)) -> [26.0]
DEBUG: WIRE: [34.0] osgi.wiring.package; (&(osgi.wiring.package=org.osgi.service.packageadmin)(version>=1.2.0)) -> [0]
DEBUG: WIRE: [34.0] osgi.wiring.package; (&(osgi.wiring.package=org.osgi.service.startlevel)(version>=1.1.0)) -> [0]
[org.springframework.osgi.extender.internal.activator.ContextLoaderListener] : Scanning bundle [Apache Felix Shell Service (org.apache.felix.shell)] for configurations...
[org.springframework.osgi.extender.internal.activator.ContextLoaderListener] : Creating an application context for bundle [Apache Felix Shell Service (org.apache.felix.shell)]
[...]
DEBUG: WIRE: [67.0] osgi.wiring.package; (&(osgi.wiring.package=org.universAAL.ontology.phThing)(version>=3.4.0)(!(version>=4.0.0))) -> [66.0]
mw.container.osgi[org.universAAL.mw.data.representation.osgi] : OntologyManagement->register(): Registering ontology: http://ontology.universaal.org/Lighting.owl (classes: 12)
org.ops4j.pax.logging.pax-logging-api[org.springframework.osgi.extender.internal.activator.ContextLoaderListener] : Scanning bundle [universAAL Ontology Lighting (ont.lighting)] for configurations...
org.ops4j.pax.logging.pax-logging-api[org.springframework.osgi.extender.internal.activator.ContextLoaderListener] : Creating an application context for bundle [universAAL Ontology Lighting (ont.lighting)]
org.ops4j.pax.logging.pax-logging-api[org.springframework.osgi.extender.internal.activator.ContextLoaderListener] : No application context created for bundle [universAAL Ontology Lighting (ont.lighting)]
org.ops4j.pax.logging.pax-logging-api[org.springframework.osgi.extender.internal.activator.ContextLoaderListener] : Scanning bundle [wrap_mvn_javax.servlet_servlet-api_2.5 (wrap_mvn_javax.servlet_servlet-api_2.5)] for configurations...
org.ops4j.pax.logging.pax-logging-api[org.springframework.osgi.extender.internal.activator.ContextLoaderListener] : Creating an application context for bundle [wrap_mvn_javax.servlet_servlet-api_2.5 (wrap_mvn_javax.servlet_servlet-api_2.5)]
org.ops4j.pax.logging.pax-logging-api[org.springframework.osgi.extender.internal.activator.ContextLoaderListener] : No application context created for bundle [wrap_mvn_javax.servlet_servlet-api_2.5 (wrap_mvn_javax.servlet_servlet-api_2.5)]
DEBUG: WIRE: [69.0] osgi.wiring.package; (osgi.wiring.package=javax.net.ssl) -> [0]
DEBUG: WIRE: [69.0] osgi.wiring.package; (osgi.wiring.package=javax.security.cert) -> [0]
org.ops4j.pax.logging.pax-logging-api[org.springframework.osgi.extender.internal.activator.ContextLoaderListener] : Scanning bundle [grizzly-framework (com.sun.grizzly.grizzly-framework)] for configurations...
org.ops4j.pax.logging.pax-logging-api[org.springframework.osgi.extender.internal.activator.ContextLoaderListener] : Creating an application context for bundle [grizzly-framework (com.sun.grizzly.grizzly-framework)]
org.ops4j.pax.logging.pax-logging-api[org.springframework.osgi.extender.internal.activator.ContextLoaderListener] : No application context created for bundle [grizzly-framework (com.sun.grizzly.grizzly-framework)]
DEBUG: WIRE: [70.0] osgi.wiring.package; (osgi.wiring.package=com.sun.grizzly) -> [69.0]
DEBUG: WIRE: [70.0] osgi.wiring.package; (osgi.wiring.package=com.sun.grizzly.memory) -> [69.0]
DEBUG: WIRE: [70.0] osgi.wiring.package; (osgi.wiring.package=com.sun.grizzly.streams) -> [69.0]
DEBUG: WIRE: [70.0] osgi.wiring.package; (osgi.wiring.package=javax.naming) -> [0]
DEBUG: WIRE: [70.0] osgi.wiring.package; (osgi.wiring.package=javax.naming.directory) -> [0]
DEBUG: WIRE: [70.0] osgi.wiring.package; (osgi.wiring.package=javax.net.ssl) -> [0]
DEBUG: WIRE: [70.0] osgi.wiring.package; (osgi.wiring.package=javax.security.auth) -> [0]
DEBUG: WIRE: [70.0] osgi.wiring.package; (osgi.wiring.package=javax.security.cert) -> [0]
org.ops4j.pax.logging.pax-logging-api[org.springframework.osgi.extender.internal.activator.ContextLoaderListener] : Scanning bundle [grizzly-http-util (com.sun.grizzly.grizzly-http-util)] for configurations...
org.ops4j.pax.logging.pax-logging-api[org.springframework.osgi.extender.internal.activator.ContextLoaderListener] : Creating an application context for bundle [grizzly-http-util (com.sun.grizzly.grizzly-http-util)]
org.ops4j.pax.logging.pax-logging-api[org.springframework.osgi.extender.internal.activator.ContextLoaderListener] : No application context created for bundle [grizzly-http-util (com.sun.grizzly.grizzly-http-util)]
DEBUG: WIRE: [71.0] osgi.wiring.package; (osgi.wiring.package=com.sun.grizzly) -> [69.0]
DEBUG: WIRE: [71.0] osgi.wiring.package; (osgi.wiring.package=com.sun.grizzly.filterchain) -> [69.0]
DEBUG: WIRE: [71.0] osgi.wiring.package; (osgi.wiring.package=com.sun.grizzly.streams) -> [69.0]
DEBUG: WIRE: [71.0] osgi.wiring.package; (osgi.wiring.package=com.sun.grizzly.threadpool) -> [69.0]
org.ops4j.pax.logging.pax-logging-api[org.springframework.osgi.extender.internal.activator.ContextLoaderListener] : Scanning bundle [grizzly-rcm (com.sun.grizzly.grizzly-rcm)] for configurations...
org.ops4j.pax.logging.pax-logging-api[org.springframework.osgi.extender.internal.activator.ContextLoaderListener] : Creating an application context for bundle [grizzly-rcm (com.sun.grizzly.grizzly-rcm)]
org.ops4j.pax.logging.pax-logging-api[org.springframework.osgi.extender.internal.activator.ContextLoaderListener] : No application context created for bundle [grizzly-rcm (com.sun.grizzly.grizzly-rcm)]
DEBUG: WIRE: [72.0] osgi.wiring.package; (osgi.wiring.package=com.sun.grizzly) -> [69.0]
DEBUG: WIRE: [72.0] osgi.wiring.package; (osgi.wiring.package=com.sun.grizzly.attributes) -> [69.0]
DEBUG: WIRE: [72.0] osgi.wiring.package; (osgi.wiring.package=com.sun.grizzly.filterchain) -> [69.0]
DEBUG: WIRE: [72.0] osgi.wiring.package; (osgi.wiring.package=com.sun.grizzly.memory) -> [69.0]
DEBUG: WIRE: [72.0] osgi.wiring.package; (osgi.wiring.package=com.sun.grizzly.nio) -> [69.0]
DEBUG: WIRE: [72.0] osgi.wiring.package; (osgi.wiring.package=com.sun.grizzly.nio.transport) -> [69.0]
DEBUG: WIRE: [72.0] osgi.wiring.package; (osgi.wiring.package=com.sun.grizzly.ssl) -> [69.0]
DEBUG: WIRE: [72.0] osgi.wiring.package; (osgi.wiring.package=com.sun.grizzly.strategies) -> [69.0]
DEBUG: WIRE: [72.0] osgi.wiring.package; (osgi.wiring.package=com.sun.grizzly.streams) -> [69.0]
DEBUG: WIRE: [72.0] osgi.wiring.package; (osgi.wiring.package=com.sun.grizzly.tcp) -> [70.0]
DEBUG: WIRE: [72.0] osgi.wiring.package; (osgi.wiring.package=com.sun.grizzly.tcp.http11) -> [70.0]
DEBUG: WIRE: [72.0] osgi.wiring.package; (osgi.wiring.package=com.sun.grizzly.tcp.http11.filters) -> [70.0]
DEBUG: WIRE: [72.0] osgi.wiring.package; (osgi.wiring.package=com.sun.grizzly.threadpool) -> [69.0]
DEBUG: WIRE: [72.0] osgi.wiring.package; (osgi.wiring.package=com.sun.grizzly.util) -> [70.0]
DEBUG: WIRE: [72.0] osgi.wiring.package; (osgi.wiring.package=com.sun.grizzly.util.buf) -> [70.0]
DEBUG: WIRE: [72.0] osgi.wiring.package; (osgi.wiring.package=com.sun.grizzly.util.http) -> [70.0]
DEBUG: WIRE: [72.0] osgi.wiring.package; (osgi.wiring.package=com.sun.grizzly.util.res) -> [70.0]
DEBUG: WIRE: [72.0] osgi.wiring.package; (osgi.wiring.package=com.sun.grizzly.utils) -> [69.0]
DEBUG: WIRE: [72.0] osgi.wiring.package; (osgi.wiring.package=javax.management) -> [0]
DEBUG: WIRE: [72.0] osgi.wiring.package; (osgi.wiring.package=javax.net.ssl) -> [0]
org.ops4j.pax.logging.pax-logging-api[org.springframework.osgi.extender.internal.activator.ContextLoaderListener] : Scanning bundle [grizzly-http (com.sun.grizzly.grizzly-http)] for configurations...
org.ops4j.pax.logging.pax-logging-api[org.springframework.osgi.extender.internal.activator.ContextLoaderListener] : Creating an application context for bundle [grizzly-http (com.sun.grizzly.grizzly-http)]
org.ops4j.pax.logging.pax-logging-api[org.springframework.osgi.extender.internal.activator.ContextLoaderListener] : No application context created for bundle [grizzly-http (com.sun.grizzly.grizzly-http)]
DEBUG: WIRE: [73.0] osgi.wiring.package; (osgi.wiring.package=com.sun.grizzly) -> [69.0]
DEBUG: WIRE: [73.0] osgi.wiring.package; (osgi.wiring.package=com.sun.grizzly.tcp) -> [70.0]
DEBUG: WIRE: [73.0] osgi.wiring.package; (osgi.wiring.package=com.sun.grizzly.tcp.http11) -> [70.0]
DEBUG: WIRE: [73.0] osgi.wiring.package; (osgi.wiring.package=com.sun.grizzly.util) -> [70.0]
DEBUG: WIRE: [73.0] osgi.wiring.package; (osgi.wiring.package=com.sun.grizzly.util.buf) -> [70.0]
DEBUG: WIRE: [73.0] osgi.wiring.package; (osgi.wiring.package=com.sun.grizzly.util.http) -> [70.0]
DEBUG: WIRE: [73.0] osgi.wiring.package; (osgi.wiring.package=com.sun.grizzly.util.res) -> [70.0]
DEBUG: WIRE: [73.0] osgi.wiring.package; (osgi.wiring.package=javax.servlet) -> [68.0]
DEBUG: WIRE: [73.0] osgi.wiring.package; (osgi.wiring.package=javax.servlet.http) -> [68.0]
org.ops4j.pax.logging.pax-logging-api[org.springframework.osgi.extender.internal.activator.ContextLoaderListener] : Scanning bundle [grizzly-http-servlet (com.sun.grizzly.grizzly-http-servlet)] for configurations...
org.ops4j.pax.logging.pax-logging-api[org.springframework.osgi.extender.internal.activator.ContextLoaderListener] : Creating an application context for bundle [grizzly-http-servlet (com.sun.grizzly.grizzly-http-servlet)]
org.ops4j.pax.logging.pax-logging-api[org.springframework.osgi.extender.internal.activator.ContextLoaderListener] : No application context created for bundle [grizzly-http-servlet (com.sun.grizzly.grizzly-http-servlet)]
DEBUG: WIRE: [74.0] osgi.wiring.package; (osgi.wiring.package=com.sun.grizzly) -> [69.0]
DEBUG: WIRE: [74.0] osgi.wiring.package; (osgi.wiring.package=com.sun.grizzly.arp) -> [72.0]
DEBUG: WIRE: [74.0] osgi.wiring.package; (osgi.wiring.package=com.sun.grizzly.asyncqueue) -> [69.0]
DEBUG: WIRE: [74.0] osgi.wiring.package; (osgi.wiring.package=com.sun.grizzly.attributes) -> [69.0]
DEBUG: WIRE: [74.0] osgi.wiring.package; (osgi.wiring.package=com.sun.grizzly.callbackhandler) -> [69.0]
DEBUG: WIRE: [74.0] osgi.wiring.package; (osgi.wiring.package=com.sun.grizzly.filterchain) -> [69.0]
DEBUG: WIRE: [74.0] osgi.wiring.package; (osgi.wiring.package=com.sun.grizzly.http) -> [72.0]
DEBUG: WIRE: [74.0] osgi.wiring.package; (osgi.wiring.package=com.sun.grizzly.http.embed) -> [72.0]
DEBUG: WIRE: [74.0] osgi.wiring.package; (osgi.wiring.package=com.sun.grizzly.http.res) -> [72.0]
DEBUG: WIRE: [74.0] osgi.wiring.package; (osgi.wiring.package=com.sun.grizzly.http.servlet) -> [73.0]
DEBUG: WIRE: [74.0] osgi.wiring.package; (osgi.wiring.package=com.sun.grizzly.impl) -> [69.0]
DEBUG: WIRE: [74.0] osgi.wiring.package; (osgi.wiring.package=com.sun.grizzly.memory) -> [69.0]
DEBUG: WIRE: [74.0] osgi.wiring.package; (osgi.wiring.package=com.sun.grizzly.memory.slab) -> [69.0]
DEBUG: WIRE: [74.0] osgi.wiring.package; (osgi.wiring.package=com.sun.grizzly.nio) -> [69.0]
DEBUG: WIRE: [74.0] osgi.wiring.package; (osgi.wiring.package=com.sun.grizzly.nio.tmpselectors) -> [69.0]
DEBUG: WIRE: [74.0] osgi.wiring.package; (osgi.wiring.package=com.sun.grizzly.nio.transport) -> [69.0]
DEBUG: WIRE: [74.0] osgi.wiring.package; (osgi.wiring.package=com.sun.grizzly.rcm) -> [71.0]
DEBUG: WIRE: [74.0] osgi.wiring.package; (osgi.wiring.package=com.sun.grizzly.smart) -> [69.0]
DEBUG: WIRE: [74.0] osgi.wiring.package; (osgi.wiring.package=com.sun.grizzly.smart.annotations) -> [69.0]
DEBUG: WIRE: [74.0] osgi.wiring.package; (osgi.wiring.package=com.sun.grizzly.smart.transformers) -> [69.0]
DEBUG: WIRE: [74.0] osgi.wiring.package; (osgi.wiring.package=com.sun.grizzly.ssl) -> [69.0]
DEBUG: WIRE: [74.0] osgi.wiring.package; (osgi.wiring.package=com.sun.grizzly.standalone) -> [72.0]
DEBUG: WIRE: [74.0] osgi.wiring.package; (osgi.wiring.package=com.sun.grizzly.strategies) -> [69.0]
DEBUG: WIRE: [74.0] osgi.wiring.package; (osgi.wiring.package=com.sun.grizzly.streams) -> [69.0]
DEBUG: WIRE: [74.0] osgi.wiring.package; (osgi.wiring.package=com.sun.grizzly.tcp) -> [70.0]
DEBUG: WIRE: [74.0] osgi.wiring.package; (osgi.wiring.package=com.sun.grizzly.tcp.http11) -> [70.0]
DEBUG: WIRE: [74.0] osgi.wiring.package; (osgi.wiring.package=com.sun.grizzly.tcp.http11.filters) -> [70.0]
DEBUG: WIRE: [74.0] osgi.wiring.package; (osgi.wiring.package=com.sun.grizzly.threadpool) -> [69.0]
DEBUG: WIRE: [74.0] osgi.wiring.package; (osgi.wiring.package=com.sun.grizzly.util) -> [70.0]
DEBUG: WIRE: [74.0] osgi.wiring.package; (osgi.wiring.package=com.sun.grizzly.util.buf) -> [70.0]
DEBUG: WIRE: [74.0] osgi.wiring.package; (osgi.wiring.package=com.sun.grizzly.util.buf.res) -> [70.0]
DEBUG: WIRE: [74.0] osgi.wiring.package; (osgi.wiring.package=com.sun.grizzly.util.collections) -> [70.0]
DEBUG: WIRE: [74.0] osgi.wiring.package; (osgi.wiring.package=com.sun.grizzly.util.http) -> [70.0]
DEBUG: WIRE: [74.0] osgi.wiring.package; (osgi.wiring.package=com.sun.grizzly.util.http.mapper) -> [70.0]
DEBUG: WIRE: [74.0] osgi.wiring.package; (osgi.wiring.package=com.sun.grizzly.util.http.res) -> [70.0]
DEBUG: WIRE: [74.0] osgi.wiring.package; (osgi.wiring.package=com.sun.grizzly.util.net) -> [70.0]
DEBUG: WIRE: [74.0] osgi.wiring.package; (osgi.wiring.package=com.sun.grizzly.util.net.jsse) -> [70.0]
DEBUG: WIRE: [74.0] osgi.wiring.package; (osgi.wiring.package=com.sun.grizzly.util.net.jsse.res) -> [70.0]
DEBUG: WIRE: [74.0] osgi.wiring.package; (osgi.wiring.package=com.sun.grizzly.util.net.res) -> [70.0]
DEBUG: WIRE: [74.0] osgi.wiring.package; (osgi.wiring.package=com.sun.grizzly.util.res) -> [70.0]
DEBUG: WIRE: [74.0] osgi.wiring.package; (osgi.wiring.package=com.sun.grizzly.utils) -> [69.0]
DEBUG: WIRE: [74.0] osgi.wiring.package; (osgi.wiring.package=com.sun.grizzly.utils.conditions) -> [69.0]
DEBUG: WIRE: [74.0] osgi.wiring.package; (osgi.wiring.package=javax.management) -> [0]
DEBUG: WIRE: [74.0] osgi.wiring.package; (osgi.wiring.package=javax.naming) -> [0]
DEBUG: WIRE: [74.0] osgi.wiring.package; (osgi.wiring.package=javax.naming.directory) -> [0]
DEBUG: WIRE: [74.0] osgi.wiring.package; (osgi.wiring.package=javax.net.ssl) -> [0]
DEBUG: WIRE: [74.0] osgi.wiring.package; (osgi.wiring.package=javax.security.auth) -> [0]
DEBUG: WIRE: [74.0] osgi.wiring.package; (osgi.wiring.package=javax.security.cert) -> [0]
DEBUG: WIRE: [74.0] osgi.wiring.package; (osgi.wiring.package=javax.servlet) -> [68.0]
DEBUG: WIRE: [74.0] osgi.wiring.package; (osgi.wiring.package=javax.servlet.http) -> [68.0]
DEBUG: WIRE: [74.0] osgi.wiring.package; (osgi.wiring.package=javax.servlet.resources) -> [68.0]
org.ops4j.pax.logging.pax-logging-api[org.springframework.osgi.extender.internal.activator.ContextLoaderListener] : Scanning bundle [grizzly-servlet-webserver (com.sun.grizzly.servlet-webserver)] for configurations...
org.ops4j.pax.logging.pax-logging-api[org.springframework.osgi.extender.internal.activator.ContextLoaderListener] : Creating an application context for bundle [grizzly-servlet-webserver (com.sun.grizzly.servlet-webserver)]
org.ops4j.pax.logging.pax-logging-api[org.springframework.osgi.extender.internal.activator.ContextLoaderListener] : No application context created for bundle [grizzly-servlet-webserver (com.sun.grizzly.servlet-webserver)]
org.ops4j.pax.logging.pax-logging-api[org.springframework.osgi.extender.internal.activator.ContextLoaderListener] : Scanning bundle [jsr311-api (javax.ws.rs.jsr311-api)] for configurations...
org.ops4j.pax.logging.pax-logging-api[org.springframework.osgi.extender.internal.activator.ContextLoaderListener] : Creating an application context for bundle [jsr311-api (javax.ws.rs.jsr311-api)]
org.ops4j.pax.logging.pax-logging-api[org.springframework.osgi.extender.internal.activator.ContextLoaderListener] : No application context created for bundle [jsr311-api (javax.ws.rs.jsr311-api)]
16044 344 [main] ERROR org.universAAL.samples.lighting.client.test.LightingIT  - cannot start bundle [jersey-bundle (com.sun.jersey.bundle)|mvn:com.sun.jersey/jersey-bundle/1.18.1]
org.osgi.framework.BundleException: Unresolved constraint in bundle com.sun.jersey.bundle [76]: Unable to resolve 76.0: missing requirement [76.0] osgi.wiring.package; (&(osgi.wiring.package=com.sun.grizzly.http)(version>=1.9.0)(!(version>=2.0.0)))
	at org.apache.felix.framework.Felix.resolveBundleRevision(Felix.java:3974)
	at org.apache.felix.framework.Felix.startBundle(Felix.java:2037)
	at org.apache.felix.framework.BundleImpl.start(BundleImpl.java:955)
	at org.apache.felix.framework.BundleImpl.start(BundleImpl.java:942)
	at org.springframework.osgi.test.AbstractOsgiTests.startBundle(AbstractOsgiTests.java:341)
	at org.springframework.osgi.test.AbstractOsgiTests.startup(AbstractOsgiTests.java:258)
	at org.springframework.osgi.test.AbstractOsgiTests.prepareTestExecution(AbstractOsgiTests.java:374)
	at org.springframework.osgi.test.AbstractOsgiTests.runBare(AbstractOsgiTests.java:203)
	at org.springframework.osgi.test.AbstractOsgiTests$1.protect(AbstractOsgiTests.java:184)
	at junit.framework.TestResult.runProtected(TestResult.java:124)
	at org.springframework.osgi.test.AbstractOsgiTests.run(AbstractOsgiTests.java:181)
	at junit.framework.TestSuite.runTest(TestSuite.java:230)
	at junit.framework.TestSuite.run(TestSuite.java:225)
	at org.junit.internal.runners.JUnit38ClassRunner.run(JUnit38ClassRunner.java:84)
	at org.apache.maven.surefire.junit4.JUnit4Provider.execute(JUnit4Provider.java:264)
	at org.apache.maven.surefire.junit4.JUnit4Provider.executeTestSet(JUnit4Provider.java:153)
	at org.apache.maven.surefire.junit4.JUnit4Provider.invoke(JUnit4Provider.java:124)
	at org.apache.maven.surefire.booter.ForkedBooter.invokeProviderInSameClassLoader(ForkedBooter.java:200)
	at org.apache.maven.surefire.booter.ForkedBooter.runSuitesInProcess(ForkedBooter.java:153)
	at org.apache.maven.surefire.booter.ForkedBooter.main(ForkedBooter.java:103)
]]></system-out>
  </testcase>
  <testcase name="testOsgiPlatformStarts" classname="org.universAAL.samples.lighting.client.test.LightingIT" time="0">
    <error type="java.lang.NullPointerException:">java.lang.NullPointerException: null
	at org.springframework.osgi.test.AbstractOsgiTests.invokeOSGiTestExecution(AbstractOsgiTests.java:395)
	at org.springframework.osgi.test.AbstractOsgiTests.runBare(AbstractOsgiTests.java:206)
	at org.springframework.osgi.test.AbstractOsgiTests$1.protect(AbstractOsgiTests.java:184)
	at junit.framework.TestResult.runProtected(TestResult.java:124)
	at org.springframework.osgi.test.AbstractOsgiTests.run(AbstractOsgiTests.java:181)
	at junit.framework.TestSuite.runTest(TestSuite.java:230)
	at junit.framework.TestSuite.run(TestSuite.java:225)
	at org.junit.internal.runners.JUnit38ClassRunner.run(JUnit38ClassRunner.java:84)
	at org.apache.maven.surefire.junit4.JUnit4Provider.execute(JUnit4Provider.java:264)
	at org.apache.maven.surefire.junit4.JUnit4Provider.executeTestSet(JUnit4Provider.java:153)
	at org.apache.maven.surefire.junit4.JUnit4Provider.invoke(JUnit4Provider.java:124)
	at org.apache.maven.surefire.booter.ForkedBooter.invokeProviderInSameClassLoader(ForkedBooter.java:200)
	at org.apache.maven.surefire.booter.ForkedBooter.runSuitesInProcess(ForkedBooter.java:153)
	at org.apache.maven.surefire.booter.ForkedBooter.main(ForkedBooter.java:103)
</error>
  </testcase>
  <testcase name="testLightingClient" classname="org.universAAL.samples.lighting.client.test.LightingIT" time="0">
    <error type="java.lang.NullPointerException:">java.lang.NullPointerException: null
	at org.springframework.osgi.test.AbstractOsgiTests.invokeOSGiTestExecution(AbstractOsgiTests.java:395)
	at org.springframework.osgi.test.AbstractOsgiTests.runBare(AbstractOsgiTests.java:206)
	at org.springframework.osgi.test.AbstractOsgiTests$1.protect(AbstractOsgiTests.java:184)
	at junit.framework.TestResult.runProtected(TestResult.java:124)
	at org.springframework.osgi.test.AbstractOsgiTests.run(AbstractOsgiTests.java:181)
	at junit.framework.TestSuite.runTest(TestSuite.java:230)
	at junit.framework.TestSuite.run(TestSuite.java:225)
	at org.junit.internal.runners.JUnit38ClassRunner.run(JUnit38ClassRunner.java:84)
	at org.apache.maven.surefire.junit4.JUnit4Provider.execute(JUnit4Provider.java:264)
	at org.apache.maven.surefire.junit4.JUnit4Provider.executeTestSet(JUnit4Provider.java:153)
	at org.apache.maven.surefire.junit4.JUnit4Provider.invoke(JUnit4Provider.java:124)
	at org.apache.maven.surefire.booter.ForkedBooter.invokeProviderInSameClassLoader(ForkedBooter.java:200)
	at org.apache.maven.surefire.booter.ForkedBooter.runSuitesInProcess(ForkedBooter.java:153)
	at org.apache.maven.surefire.booter.ForkedBooter.main(ForkedBooter.java:103)
</error>
  </testcase>
</testsuite>